running egg_info
writing ../../build/mywamv_control/mywamv_control.egg-info/PKG-INFO
writing dependency_links to ../../build/mywamv_control/mywamv_control.egg-info/dependency_links.txt
writing entry points to ../../build/mywamv_control/mywamv_control.egg-info/entry_points.txt
writing requirements to ../../build/mywamv_control/mywamv_control.egg-info/requires.txt
writing top-level names to ../../build/mywamv_control/mywamv_control.egg-info/top_level.txt
reading manifest file '../../build/mywamv_control/mywamv_control.egg-info/SOURCES.txt'
writing manifest file '../../build/mywamv_control/mywamv_control.egg-info/SOURCES.txt'
running build
running build_py
running build_scripts
copying and adjusting scripts/mywamv_path_follow.py -> /home/cj/vrx_ws/build/mywamv_control/build/scripts-3.10
copying and adjusting scripts/mywamv_wayfinding.py -> /home/cj/vrx_ws/build/mywamv_control/build/scripts-3.10
changing mode of /home/cj/vrx_ws/build/mywamv_control/build/scripts-3.10/mywamv_path_follow.py from 664 to 775
changing mode of /home/cj/vrx_ws/build/mywamv_control/build/scripts-3.10/mywamv_wayfinding.py from 664 to 775
running install
running install_lib
running install_data
running install_egg_info
removing '/home/cj/vrx_ws/install/lib/python3.10/site-packages/mywamv_control-0.0.0-py3.10.egg-info' (and everything under it)
Copying ../../build/mywamv_control/mywamv_control.egg-info to /home/cj/vrx_ws/install/lib/python3.10/site-packages/mywamv_control-0.0.0-py3.10.egg-info
running install_scripts
copying /home/cj/vrx_ws/build/mywamv_control/build/scripts-3.10/mywamv_wayfinding.py -> /home/cj/vrx_ws/install/lib/mywamv_control
copying /home/cj/vrx_ws/build/mywamv_control/build/scripts-3.10/mywamv_path_follow.py -> /home/cj/vrx_ws/install/lib/mywamv_control
changing mode of /home/cj/vrx_ws/install/lib/mywamv_control/mywamv_inverse_kinematics.py to 775
changing mode of /home/cj/vrx_ws/install/lib/mywamv_control/mywamv_wayfinding.py to 775
changing mode of /home/cj/vrx_ws/install/lib/mywamv_control/mywamv_path_follow.py to 775
writing list of installed files to '/home/cj/vrx_ws/build/mywamv_control/install.log'
