[0.445s] Invoking command in '/home/cj/vrx_ws/src/mywamv_control': PYTHONPATH=/home/cj/vrx_ws/build/mywamv_control/prefix_override:/usr/lib/python3/dist-packages/colcon_core/task/python/colcon_distutils_commands:/home/cj/vrx_ws/install/lib/python3.10/site-packages:${PYTHONPATH} /usr/bin/python3 -W ignore:setup.py install is deprecated -W ignore:easy_install command is deprecated setup.py egg_info --egg-base ../../build/mywamv_control build --build-base /home/cj/vrx_ws/build/mywamv_control/build install --record /home/cj/vrx_ws/build/mywamv_control/install.log --single-version-externally-managed install_data
[0.613s] running egg_info
[0.614s] writing ../../build/mywamv_control/mywamv_control.egg-info/PKG-INFO
[0.614s] writing dependency_links to ../../build/mywamv_control/mywamv_control.egg-info/dependency_links.txt
[0.614s] writing entry points to ../../build/mywamv_control/mywamv_control.egg-info/entry_points.txt
[0.614s] writing requirements to ../../build/mywamv_control/mywamv_control.egg-info/requires.txt
[0.614s] writing top-level names to ../../build/mywamv_control/mywamv_control.egg-info/top_level.txt
[0.615s] reading manifest file '../../build/mywamv_control/mywamv_control.egg-info/SOURCES.txt'
[0.616s] writing manifest file '../../build/mywamv_control/mywamv_control.egg-info/SOURCES.txt'
[0.616s] running build
[0.616s] running build_py
[0.616s] running build_scripts
[0.616s] copying and adjusting scripts/mywamv_path_follow.py -> /home/cj/vrx_ws/build/mywamv_control/build/scripts-3.10
[0.616s] copying and adjusting scripts/mywamv_wayfinding.py -> /home/cj/vrx_ws/build/mywamv_control/build/scripts-3.10
[0.616s] changing mode of /home/cj/vrx_ws/build/mywamv_control/build/scripts-3.10/mywamv_path_follow.py from 664 to 775
[0.616s] changing mode of /home/cj/vrx_ws/build/mywamv_control/build/scripts-3.10/mywamv_wayfinding.py from 664 to 775
[0.616s] running install
[0.616s] running install_lib
[0.617s] running install_data
[0.617s] running install_egg_info
[0.618s] removing '/home/cj/vrx_ws/install/lib/python3.10/site-packages/mywamv_control-0.0.0-py3.10.egg-info' (and everything under it)
[0.618s] Copying ../../build/mywamv_control/mywamv_control.egg-info to /home/cj/vrx_ws/install/lib/python3.10/site-packages/mywamv_control-0.0.0-py3.10.egg-info
[0.619s] running install_scripts
[0.631s] copying /home/cj/vrx_ws/build/mywamv_control/build/scripts-3.10/mywamv_wayfinding.py -> /home/cj/vrx_ws/install/lib/mywamv_control
[0.631s] copying /home/cj/vrx_ws/build/mywamv_control/build/scripts-3.10/mywamv_path_follow.py -> /home/cj/vrx_ws/install/lib/mywamv_control
[0.631s] changing mode of /home/cj/vrx_ws/install/lib/mywamv_control/mywamv_inverse_kinematics.py to 775
[0.631s] changing mode of /home/cj/vrx_ws/install/lib/mywamv_control/mywamv_wayfinding.py to 775
[0.631s] changing mode of /home/cj/vrx_ws/install/lib/mywamv_control/mywamv_path_follow.py to 775
[0.632s] writing list of installed files to '/home/cj/vrx_ws/build/mywamv_control/install.log'
[0.647s] Invoked command in '/home/cj/vrx_ws/src/mywamv_control' returned '0': PYTHONPATH=/home/cj/vrx_ws/build/mywamv_control/prefix_override:/usr/lib/python3/dist-packages/colcon_core/task/python/colcon_distutils_commands:/home/cj/vrx_ws/install/lib/python3.10/site-packages:${PYTHONPATH} /usr/bin/python3 -W ignore:setup.py install is deprecated -W ignore:easy_install command is deprecated setup.py egg_info --egg-base ../../build/mywamv_control build --build-base /home/cj/vrx_ws/build/mywamv_control/build install --record /home/cj/vrx_ws/build/mywamv_control/install.log --single-version-externally-managed install_data
