-- Found ament_cmake: 1.3.11 (/opt/ros/humble/share/ament_cmake/cmake)
-- Found geometry_msgs: 4.2.4 (/opt/ros/humble/share/geometry_msgs/cmake)
-- Found rosidl_generator_c: 3.1.6 (/opt/ros/humble/share/rosidl_generator_c/cmake)
-- Found rosidl_adapter: 3.1.6 (/opt/ros/humble/share/rosidl_adapter/cmake)
-- Found rosidl_generator_cpp: 3.1.6 (/opt/ros/humble/share/rosidl_generator_cpp/cmake)
-- Using all available rosidl_typesupport_c: rosidl_typesupport_fastrtps_c;rosidl_typesupport_introspection_c
-- Using all available rosidl_typesupport_cpp: rosidl_typesupport_fastrtps_cpp;rosidl_typesupport_introspection_cpp
-- Looking for gz-msgs9 -- found version 9.5.1
-- Searching for dependencies of gz-msgs9
-- Looking for gz-math7 -- found version 7.5.1
-- Searching for dependencies of gz-math7
-- Looking for gz-utils2 -- found version 2.2.1
-- Searching for dependencies of gz-utils2
-- Checking for module 'tinyxml2'
--   Found tinyxml2, version 9.0.0
-- Looking for gz-transport12 -- found version 12.2.2
-- Searching for dependencies of gz-transport12
-- Config-file not installed for ZeroMQ -- checking for pkg-config
-- Checking for module 'libzmq >= 4'
--   Found libzmq , version 4.3.4
-- Checking for module 'uuid'
--   Found uuid, version 2.37.2
-- Looking for gz-utils2 -- found version 2.2.1
-- Searching for dependencies of gz-utils2
-- Searching for <gz-utils2> component [cli]
-- Looking for gz-utils2-cli -- found version 2.2.1
-- Searching for dependencies of gz-utils2-cli
-- Looking for gz-msgs9 -- found version 9.5.1
-- Found rclcpp: 16.0.11 (/opt/ros/humble/share/rclcpp/cmake)
-- Found rmw_implementation_cmake: 6.1.2 (/opt/ros/humble/share/rmw_implementation_cmake/cmake)
-- Found rmw_fastrtps_cpp: 6.2.7 (/opt/ros/humble/share/rmw_fastrtps_cpp/cmake)
-- Using RMW implementation 'rmw_fastrtps_cpp' as default
-- Found ros_gz_interfaces: 0.244.11 (/opt/ros/humble/share/ros_gz_interfaces/cmake)
-- Found sensor_msgs: 4.2.4 (/opt/ros/humble/share/sensor_msgs/cmake)
-- Found tf2: 0.25.12 (/opt/ros/humble/share/tf2/cmake)
-- Found tf2_msgs: 0.25.12 (/opt/ros/humble/share/tf2_msgs/cmake)
-- Found tf2_ros: 0.25.12 (/opt/ros/humble/share/tf2_ros/cmake)
-- Configuring done
-- Generating done
-- Build files have been written to: /home/cj/vrx_ws/build/vrx_ros
[35m[1mConsolidate compiler generated dependencies of target pose_tf_broadcaster[0m
[35m[1mConsolidate compiler generated dependencies of target optical_frame_publisher[0m
[ 25%] [32mBuilding CXX object CMakeFiles/optical_frame_publisher.dir/src/optical_frame_publisher.cc.o[0m
[ 50%] [32mBuilding CXX object CMakeFiles/pose_tf_broadcaster.dir/src/pose_tf_broadcaster.cc.o[0m
[ 75%] [32m[1mLinking CXX executable pose_tf_broadcaster[0m
[ 75%] Built target pose_tf_broadcaster
[100%] [32m[1mLinking CXX executable optical_frame_publisher[0m
[100%] Built target optical_frame_publisher
-- Install configuration: ""
-- Installing: /home/cj/vrx_ws/install/lib/vrx_ros/optical_frame_publisher
-- Set runtime path of "/home/cj/vrx_ws/install/lib/vrx_ros/optical_frame_publisher" to ""
-- Installing: /home/cj/vrx_ws/install/lib/vrx_ros/pose_tf_broadcaster
-- Set runtime path of "/home/cj/vrx_ws/install/lib/vrx_ros/pose_tf_broadcaster" to ""
-- Up-to-date: /home/cj/vrx_ws/install/share/vrx_ros/launch
-- Up-to-date: /home/cj/vrx_ws/install/share/vrx_ros/launch/monitor_sim.py
-- Up-to-date: /home/cj/vrx_ws/install/share/ament_index/resource_index/package_run_dependencies/vrx_ros
-- Installing: /home/cj/vrx_ws/install/share/ament_index/resource_index/parent_prefix_path/vrx_ros
-- Up-to-date: /home/cj/vrx_ws/install/share/vrx_ros/environment/ament_prefix_path.sh
-- Installing: /home/cj/vrx_ws/install/share/vrx_ros/environment/ament_prefix_path.dsv
-- Up-to-date: /home/cj/vrx_ws/install/share/vrx_ros/environment/path.sh
-- Installing: /home/cj/vrx_ws/install/share/vrx_ros/environment/path.dsv
-- Up-to-date: /home/cj/vrx_ws/install/share/vrx_ros/local_setup.bash
-- Up-to-date: /home/cj/vrx_ws/install/share/vrx_ros/local_setup.sh
-- Up-to-date: /home/cj/vrx_ws/install/share/vrx_ros/local_setup.zsh
-- Installing: /home/cj/vrx_ws/install/share/vrx_ros/local_setup.dsv
-- Installing: /home/cj/vrx_ws/install/share/vrx_ros/package.dsv
-- Up-to-date: /home/cj/vrx_ws/install/share/ament_index/resource_index/packages/vrx_ros
-- Up-to-date: /home/cj/vrx_ws/install/share/vrx_ros/cmake/vrx_rosConfig.cmake
-- Up-to-date: /home/cj/vrx_ws/install/share/vrx_ros/cmake/vrx_rosConfig-version.cmake
-- Up-to-date: /home/cj/vrx_ws/install/share/vrx_ros/package.xml
