[0.009s] Invoking command in '/home/cj/vrx_ws/build/vrx_ros': CMAKE_PREFIX_PATH=${CMAKE_PREFIX_PATH}:/home/cj/ros2_ws/install/launch_testing_examples:/home/cj/ros2_ws/install/examples_rclpy_pointcloud_publisher:/home/cj/ros2_ws/install/examples_rclpy_minimal_subscriber:/home/cj/ros2_ws/install/examples_rclpy_minimal_service:/home/cj/ros2_ws/install/examples_rclpy_minimal_publisher:/home/cj/ros2_ws/install/examples_rclpy_minimal_client:/home/cj/ros2_ws/install/examples_rclpy_minimal_action_server:/home/cj/ros2_ws/install/examples_rclpy_minimal_action_client:/home/cj/ros2_ws/install/examples_rclpy_guard_conditions:/home/cj/ros2_ws/install/examples_rclpy_executors:/opt/ros/humble /usr/bin/cmake --build /home/cj/vrx_ws/build/vrx_ros -- -j16 -l16
[0.044s] -- Found ament_cmake: 1.3.11 (/opt/ros/humble/share/ament_cmake/cmake)
[0.156s] -- Found geometry_msgs: 4.2.4 (/opt/ros/humble/share/geometry_msgs/cmake)
[0.178s] -- Found rosidl_generator_c: 3.1.6 (/opt/ros/humble/share/rosidl_generator_c/cmake)
[0.180s] -- Found rosidl_adapter: 3.1.6 (/opt/ros/humble/share/rosidl_adapter/cmake)
[0.185s] -- Found rosidl_generator_cpp: 3.1.6 (/opt/ros/humble/share/rosidl_generator_cpp/cmake)
[0.193s] -- Using all available rosidl_typesupport_c: rosidl_typesupport_fastrtps_c;rosidl_typesupport_introspection_c
[0.203s] -- Using all available rosidl_typesupport_cpp: rosidl_typesupport_fastrtps_cpp;rosidl_typesupport_introspection_cpp
[0.230s] -- Looking for gz-msgs9 -- found version 9.5.1
[0.236s] -- Searching for dependencies of gz-msgs9
[0.253s] -- Looking for gz-math7 -- found version 7.5.1
[0.253s] -- Searching for dependencies of gz-math7
[0.254s] -- Looking for gz-utils2 -- found version 2.2.1
[0.254s] -- Searching for dependencies of gz-utils2
[0.259s] -- Checking for module 'tinyxml2'
[0.273s] --   Found tinyxml2, version 9.0.0
[0.300s] -- Looking for gz-transport12 -- found version 12.2.2
[0.301s] -- Searching for dependencies of gz-transport12
[0.324s] -- Config-file not installed for ZeroMQ -- checking for pkg-config
[0.328s] -- Checking for module 'libzmq >= 4'
[0.342s] --   Found libzmq , version 4.3.4
[0.389s] -- Checking for module 'uuid'
[0.409s] --   Found uuid, version 2.37.2
[0.452s] -- Looking for gz-utils2 -- found version 2.2.1
[0.453s] -- Searching for dependencies of gz-utils2
[0.453s] -- Searching for <gz-utils2> component [cli]
[0.453s] -- Looking for gz-utils2-cli -- found version 2.2.1
[0.454s] -- Searching for dependencies of gz-utils2-cli
[0.455s] -- Looking for gz-msgs9 -- found version 9.5.1
[0.456s] -- Found rclcpp: 16.0.11 (/opt/ros/humble/share/rclcpp/cmake)
[0.481s] -- Found rmw_implementation_cmake: 6.1.2 (/opt/ros/humble/share/rmw_implementation_cmake/cmake)
[0.483s] -- Found rmw_fastrtps_cpp: 6.2.7 (/opt/ros/humble/share/rmw_fastrtps_cpp/cmake)
[0.565s] -- Using RMW implementation 'rmw_fastrtps_cpp' as default
[0.594s] -- Found ros_gz_interfaces: 0.244.11 (/opt/ros/humble/share/ros_gz_interfaces/cmake)
[0.611s] -- Found sensor_msgs: 4.2.4 (/opt/ros/humble/share/sensor_msgs/cmake)
[0.626s] -- Found tf2: 0.25.12 (/opt/ros/humble/share/tf2/cmake)
[0.630s] -- Found tf2_msgs: 0.25.12 (/opt/ros/humble/share/tf2_msgs/cmake)
[0.658s] -- Found tf2_ros: 0.25.12 (/opt/ros/humble/share/tf2_ros/cmake)
[0.737s] -- Configuring done
[0.748s] -- Generating done
[0.752s] -- Build files have been written to: /home/cj/vrx_ws/build/vrx_ros
[0.774s] [35m[1mConsolidate compiler generated dependencies of target pose_tf_broadcaster[0m
[0.775s] [35m[1mConsolidate compiler generated dependencies of target optical_frame_publisher[0m
[0.809s] [ 25%] [32mBuilding CXX object CMakeFiles/optical_frame_publisher.dir/src/optical_frame_publisher.cc.o[0m
[0.809s] [ 50%] [32mBuilding CXX object CMakeFiles/pose_tf_broadcaster.dir/src/pose_tf_broadcaster.cc.o[0m
[6.077s] [ 75%] [32m[1mLinking CXX executable pose_tf_broadcaster[0m
[6.441s] [ 75%] Built target pose_tf_broadcaster
[8.346s] [100%] [32m[1mLinking CXX executable optical_frame_publisher[0m
[8.769s] [100%] Built target optical_frame_publisher
[8.777s] Invoked command in '/home/cj/vrx_ws/build/vrx_ros' returned '0': CMAKE_PREFIX_PATH=${CMAKE_PREFIX_PATH}:/home/cj/ros2_ws/install/launch_testing_examples:/home/cj/ros2_ws/install/examples_rclpy_pointcloud_publisher:/home/cj/ros2_ws/install/examples_rclpy_minimal_subscriber:/home/cj/ros2_ws/install/examples_rclpy_minimal_service:/home/cj/ros2_ws/install/examples_rclpy_minimal_publisher:/home/cj/ros2_ws/install/examples_rclpy_minimal_client:/home/cj/ros2_ws/install/examples_rclpy_minimal_action_server:/home/cj/ros2_ws/install/examples_rclpy_minimal_action_client:/home/cj/ros2_ws/install/examples_rclpy_guard_conditions:/home/cj/ros2_ws/install/examples_rclpy_executors:/opt/ros/humble /usr/bin/cmake --build /home/cj/vrx_ws/build/vrx_ros -- -j16 -l16
[8.778s] Invoking command in '/home/cj/vrx_ws/build/vrx_ros': CMAKE_PREFIX_PATH=${CMAKE_PREFIX_PATH}:/home/cj/ros2_ws/install/launch_testing_examples:/home/cj/ros2_ws/install/examples_rclpy_pointcloud_publisher:/home/cj/ros2_ws/install/examples_rclpy_minimal_subscriber:/home/cj/ros2_ws/install/examples_rclpy_minimal_service:/home/cj/ros2_ws/install/examples_rclpy_minimal_publisher:/home/cj/ros2_ws/install/examples_rclpy_minimal_client:/home/cj/ros2_ws/install/examples_rclpy_minimal_action_server:/home/cj/ros2_ws/install/examples_rclpy_minimal_action_client:/home/cj/ros2_ws/install/examples_rclpy_guard_conditions:/home/cj/ros2_ws/install/examples_rclpy_executors:/opt/ros/humble /usr/bin/cmake --install /home/cj/vrx_ws/build/vrx_ros
[8.787s] -- Install configuration: ""
[8.787s] -- Installing: /home/cj/vrx_ws/install/lib/vrx_ros/optical_frame_publisher
[8.792s] -- Set runtime path of "/home/cj/vrx_ws/install/lib/vrx_ros/optical_frame_publisher" to ""
[8.792s] -- Installing: /home/cj/vrx_ws/install/lib/vrx_ros/pose_tf_broadcaster
[8.794s] -- Set runtime path of "/home/cj/vrx_ws/install/lib/vrx_ros/pose_tf_broadcaster" to ""
[8.794s] -- Up-to-date: /home/cj/vrx_ws/install/share/vrx_ros/launch
[8.794s] -- Up-to-date: /home/cj/vrx_ws/install/share/vrx_ros/launch/monitor_sim.py
[8.794s] -- Up-to-date: /home/cj/vrx_ws/install/share/ament_index/resource_index/package_run_dependencies/vrx_ros
[8.794s] -- Installing: /home/cj/vrx_ws/install/share/ament_index/resource_index/parent_prefix_path/vrx_ros
[8.794s] -- Up-to-date: /home/cj/vrx_ws/install/share/vrx_ros/environment/ament_prefix_path.sh
[8.794s] -- Installing: /home/cj/vrx_ws/install/share/vrx_ros/environment/ament_prefix_path.dsv
[8.794s] -- Up-to-date: /home/cj/vrx_ws/install/share/vrx_ros/environment/path.sh
[8.795s] -- Installing: /home/cj/vrx_ws/install/share/vrx_ros/environment/path.dsv
[8.795s] -- Up-to-date: /home/cj/vrx_ws/install/share/vrx_ros/local_setup.bash
[8.795s] -- Up-to-date: /home/cj/vrx_ws/install/share/vrx_ros/local_setup.sh
[8.795s] -- Up-to-date: /home/cj/vrx_ws/install/share/vrx_ros/local_setup.zsh
[8.795s] -- Installing: /home/cj/vrx_ws/install/share/vrx_ros/local_setup.dsv
[8.795s] -- Installing: /home/cj/vrx_ws/install/share/vrx_ros/package.dsv
[8.795s] -- Up-to-date: /home/cj/vrx_ws/install/share/ament_index/resource_index/packages/vrx_ros
[8.795s] -- Up-to-date: /home/cj/vrx_ws/install/share/vrx_ros/cmake/vrx_rosConfig.cmake
[8.795s] -- Up-to-date: /home/cj/vrx_ws/install/share/vrx_ros/cmake/vrx_rosConfig-version.cmake
[8.795s] -- Up-to-date: /home/cj/vrx_ws/install/share/vrx_ros/package.xml
[8.796s] Invoked command in '/home/cj/vrx_ws/build/vrx_ros' returned '0': CMAKE_PREFIX_PATH=${CMAKE_PREFIX_PATH}:/home/cj/ros2_ws/install/launch_testing_examples:/home/cj/ros2_ws/install/examples_rclpy_pointcloud_publisher:/home/cj/ros2_ws/install/examples_rclpy_minimal_subscriber:/home/cj/ros2_ws/install/examples_rclpy_minimal_service:/home/cj/ros2_ws/install/examples_rclpy_minimal_publisher:/home/cj/ros2_ws/install/examples_rclpy_minimal_client:/home/cj/ros2_ws/install/examples_rclpy_minimal_action_server:/home/cj/ros2_ws/install/examples_rclpy_minimal_action_client:/home/cj/ros2_ws/install/examples_rclpy_guard_conditions:/home/cj/ros2_ws/install/examples_rclpy_executors:/opt/ros/humble /usr/bin/cmake --install /home/cj/vrx_ws/build/vrx_ros
