[0.012s] Invoking command in '/home/cj/vrx_ws/build/vrx_ros': CMAKE_PREFIX_PATH=/home/cj/ros2_ws/install/launch_testing_examples:/home/cj/ros2_ws/install/examples_rclpy_pointcloud_publisher:/home/cj/ros2_ws/install/examples_rclpy_minimal_subscriber:/home/cj/ros2_ws/install/examples_rclpy_minimal_service:/home/cj/ros2_ws/install/examples_rclpy_minimal_publisher:/home/cj/ros2_ws/install/examples_rclpy_minimal_client:/home/cj/ros2_ws/install/examples_rclpy_minimal_action_server:/home/cj/ros2_ws/install/examples_rclpy_minimal_action_client:/home/cj/ros2_ws/install/examples_rclpy_guard_conditions:/home/cj/ros2_ws/install/examples_rclpy_executors:/opt/ros/humble:${CMAKE_PREFIX_PATH} /usr/bin/cmake /home/cj/vrx_ws/src/vrx/vrx_ros -DAMENT_CMAKE_SYMLINK_INSTALL=1 -DCMAKE_INSTALL_PREFIX=/home/cj/vrx_ws/install
[0.022s] -- Found ament_cmake: 1.3.11 (/opt/ros/humble/share/ament_cmake/cmake)
[0.122s] -- Override CMake install command with custom implementation using symlinks instead of copying resources
[0.133s] -- Found geometry_msgs: 4.2.4 (/opt/ros/humble/share/geometry_msgs/cmake)
[0.154s] -- Found rosidl_generator_c: 3.1.6 (/opt/ros/humble/share/rosidl_generator_c/cmake)
[0.156s] -- Found rosidl_adapter: 3.1.6 (/opt/ros/humble/share/rosidl_adapter/cmake)
[0.161s] -- Found rosidl_generator_cpp: 3.1.6 (/opt/ros/humble/share/rosidl_generator_cpp/cmake)
[0.170s] -- Using all available rosidl_typesupport_c: rosidl_typesupport_fastrtps_c;rosidl_typesupport_introspection_c
[0.179s] -- Using all available rosidl_typesupport_cpp: rosidl_typesupport_fastrtps_cpp;rosidl_typesupport_introspection_cpp
[0.208s] -- Looking for gz-msgs9 -- found version 9.5.1
[0.214s] -- Searching for dependencies of gz-msgs9
[0.235s] -- Looking for gz-math7 -- found version 7.5.1
[0.235s] -- Searching for dependencies of gz-math7
[0.236s] -- Looking for gz-utils2 -- found version 2.2.1
[0.236s] -- Searching for dependencies of gz-utils2
[0.243s] -- Checking for module 'tinyxml2'
[0.255s] --   Found tinyxml2, version 9.0.0
[0.283s] -- Looking for gz-transport12 -- found version 12.2.2
[0.283s] -- Searching for dependencies of gz-transport12
[0.306s] -- Config-file not installed for ZeroMQ -- checking for pkg-config
[0.310s] -- Checking for module 'libzmq >= 4'
[0.321s] --   Found libzmq , version 4.3.4
[0.356s] -- Checking for module 'uuid'
[0.367s] --   Found uuid, version 2.37.2
[0.395s] -- Looking for gz-utils2 -- found version 2.2.1
[0.395s] -- Searching for dependencies of gz-utils2
[0.395s] -- Searching for <gz-utils2> component [cli]
[0.396s] -- Looking for gz-utils2-cli -- found version 2.2.1
[0.397s] -- Searching for dependencies of gz-utils2-cli
[0.398s] -- Looking for gz-msgs9 -- found version 9.5.1
[0.399s] -- Found rclcpp: 16.0.11 (/opt/ros/humble/share/rclcpp/cmake)
[0.421s] -- Found rmw_implementation_cmake: 6.1.2 (/opt/ros/humble/share/rmw_implementation_cmake/cmake)
[0.424s] -- Found rmw_fastrtps_cpp: 6.2.7 (/opt/ros/humble/share/rmw_fastrtps_cpp/cmake)
[0.505s] -- Using RMW implementation 'rmw_fastrtps_cpp' as default
[0.534s] -- Found ros_gz_interfaces: 0.244.11 (/opt/ros/humble/share/ros_gz_interfaces/cmake)
[0.547s] -- Found sensor_msgs: 4.2.4 (/opt/ros/humble/share/sensor_msgs/cmake)
[0.559s] -- Found tf2: 0.25.12 (/opt/ros/humble/share/tf2/cmake)
[0.562s] -- Found tf2_msgs: 0.25.12 (/opt/ros/humble/share/tf2_msgs/cmake)
[0.590s] -- Found tf2_ros: 0.25.12 (/opt/ros/humble/share/tf2_ros/cmake)
[0.669s] -- Configuring done
[0.679s] -- Generating done
[0.683s] -- Build files have been written to: /home/cj/vrx_ws/build/vrx_ros
