[0.013s] Invoking command in '/home/cj/vrx_ws/build/vrx_ros': CMAKE_PREFIX_PATH=/home/cj/ros2_ws/install/launch_testing_examples:/home/cj/ros2_ws/install/examples_rclpy_pointcloud_publisher:/home/cj/ros2_ws/install/examples_rclpy_minimal_subscriber:/home/cj/ros2_ws/install/examples_rclpy_minimal_service:/home/cj/ros2_ws/install/examples_rclpy_minimal_publisher:/home/cj/ros2_ws/install/examples_rclpy_minimal_client:/home/cj/ros2_ws/install/examples_rclpy_minimal_action_server:/home/cj/ros2_ws/install/examples_rclpy_minimal_action_client:/home/cj/ros2_ws/install/examples_rclpy_guard_conditions:/home/cj/ros2_ws/install/examples_rclpy_executors:/opt/ros/humble:${CMAKE_PREFIX_PATH} /usr/bin/cmake /home/cj/vrx_ws/src/vrx/vrx_ros -DCMAKE_INSTALL_PREFIX=/home/cj/vrx_ws/install
[0.031s] -- Found ament_cmake: 1.3.11 (/opt/ros/humble/share/ament_cmake/cmake)
[0.131s] -- Override CMake install command with custom implementation using symlinks instead of copying resources
[0.136s] -- Found geometry_msgs: 4.2.4 (/opt/ros/humble/share/geometry_msgs/cmake)
[0.158s] -- Found rosidl_generator_c: 3.1.6 (/opt/ros/humble/share/rosidl_generator_c/cmake)
[0.160s] -- Found rosidl_adapter: 3.1.6 (/opt/ros/humble/share/rosidl_adapter/cmake)
[0.165s] -- Found rosidl_generator_cpp: 3.1.6 (/opt/ros/humble/share/rosidl_generator_cpp/cmake)
[0.173s] -- Using all available rosidl_typesupport_c: rosidl_typesupport_fastrtps_c;rosidl_typesupport_introspection_c
[0.183s] -- Using all available rosidl_typesupport_cpp: rosidl_typesupport_fastrtps_cpp;rosidl_typesupport_introspection_cpp
[0.211s] -- Looking for gz-msgs9 -- found version 9.5.1
[0.217s] -- Searching for dependencies of gz-msgs9
[0.239s] -- Looking for gz-math7 -- found version 7.5.1
[0.239s] -- Searching for dependencies of gz-math7
[0.240s] -- Looking for gz-utils2 -- found version 2.2.1
[0.240s] -- Searching for dependencies of gz-utils2
[0.247s] -- Checking for module 'tinyxml2'
[0.258s] --   Found tinyxml2, version 9.0.0
[0.284s] -- Looking for gz-transport12 -- found version 12.2.2
[0.284s] -- Searching for dependencies of gz-transport12
[0.305s] -- Config-file not installed for ZeroMQ -- checking for pkg-config
[0.308s] -- Checking for module 'libzmq >= 4'
[0.321s] --   Found libzmq , version 4.3.4
[0.355s] -- Checking for module 'uuid'
[0.366s] --   Found uuid, version 2.37.2
[0.392s] -- Looking for gz-utils2 -- found version 2.2.1
[0.392s] -- Searching for dependencies of gz-utils2
[0.392s] -- Searching for <gz-utils2> component [cli]
[0.393s] -- Looking for gz-utils2-cli -- found version 2.2.1
[0.393s] -- Searching for dependencies of gz-utils2-cli
[0.394s] -- Looking for gz-msgs9 -- found version 9.5.1
[0.395s] -- Found rclcpp: 16.0.11 (/opt/ros/humble/share/rclcpp/cmake)
[0.418s] -- Found rmw_implementation_cmake: 6.1.2 (/opt/ros/humble/share/rmw_implementation_cmake/cmake)
[0.420s] -- Found rmw_fastrtps_cpp: 6.2.7 (/opt/ros/humble/share/rmw_fastrtps_cpp/cmake)
[0.501s] -- Using RMW implementation 'rmw_fastrtps_cpp' as default
[0.531s] -- Found ros_gz_interfaces: 0.244.11 (/opt/ros/humble/share/ros_gz_interfaces/cmake)
[0.544s] -- Found sensor_msgs: 4.2.4 (/opt/ros/humble/share/sensor_msgs/cmake)
[0.556s] -- Found tf2: 0.25.12 (/opt/ros/humble/share/tf2/cmake)
[0.559s] -- Found tf2_msgs: 0.25.12 (/opt/ros/humble/share/tf2_msgs/cmake)
[0.587s] -- Found tf2_ros: 0.25.12 (/opt/ros/humble/share/tf2_ros/cmake)
[0.667s] -- Configuring done
[0.680s] -- Generating done
[0.684s] -- Build files have been written to: /home/cj/vrx_ws/build/vrx_ros
