[0.074s] DEBUG:colcon:Command line arguments: ['/usr/bin/colcon', 'build', '--merge-install']
[0.074s] DEBUG:colcon:Parsed command line arguments: Namespace(log_base=None, log_level=None, verb_name='build', build_base='build', install_base='install', merge_install=True, symlink_install=False, test_result_base=None, continue_on_error=False, executor='parallel', parallel_workers=16, event_handlers=None, ignore_user_meta=False, metas=['./colcon.meta'], base_paths=['.'], packages_ignore=None, packages_ignore_regex=None, paths=None, packages_up_to=None, packages_up_to_regex=None, packages_above=None, packages_above_and_dependencies=None, packages_above_depth=None, packages_select_by_dep=None, packages_skip_by_dep=None, packages_skip_up_to=None, packages_select_build_failed=False, packages_skip_build_finished=False, packages_select_test_failures=False, packages_skip_test_passed=False, packages_select=None, packages_skip=None, packages_select_regex=None, packages_skip_regex=None, packages_start=None, packages_end=None, allow_overriding=[], cmake_args=None, cmake_target=None, cmake_target_skip_unavailable=False, cmake_clean_cache=False, cmake_clean_first=False, cmake_force_configure=False, ament_cmake_args=None, catkin_cmake_args=None, catkin_skip_building_tests=False, mixin_files=None, mixin=None, verb_parser=<colcon_mixin.mixin.mixin_argument.MixinArgumentDecorator object at 0x7a8fb024af20>, verb_extension=<colcon_core.verb.build.BuildVerb object at 0x7a8fb0337df0>, main=<bound method BuildVerb.main of <colcon_core.verb.build.BuildVerb object at 0x7a8fb0337df0>>, mixin_verb=('build',))
[0.171s] Level 1:colcon.colcon_core.package_discovery:discover_packages(colcon_meta) check parameters
[0.171s] Level 1:colcon.colcon_core.package_discovery:discover_packages(recursive) check parameters
[0.171s] Level 1:colcon.colcon_core.package_discovery:discover_packages(ignore) check parameters
[0.171s] Level 1:colcon.colcon_core.package_discovery:discover_packages(path) check parameters
[0.171s] Level 1:colcon.colcon_core.package_discovery:discover_packages(colcon_meta) discover
[0.171s] Level 1:colcon.colcon_core.package_discovery:discover_packages(recursive) discover
[0.171s] INFO:colcon.colcon_core.package_discovery:Crawling recursively for packages in '/home/cj/vrx_ws'
[0.171s] Level 1:colcon.colcon_core.package_identification:_identify(.) by extensions ['ignore', 'ignore_ament_install']
[0.171s] Level 1:colcon.colcon_core.package_identification:_identify(.) by extension 'ignore'
[0.171s] Level 1:colcon.colcon_core.package_identification:_identify(.) by extension 'ignore_ament_install'
[0.171s] Level 1:colcon.colcon_core.package_identification:_identify(.) by extensions ['colcon_pkg']
[0.171s] Level 1:colcon.colcon_core.package_identification:_identify(.) by extension 'colcon_pkg'
[0.171s] Level 1:colcon.colcon_core.package_identification:_identify(.) by extensions ['colcon_meta']
[0.171s] Level 1:colcon.colcon_core.package_identification:_identify(.) by extension 'colcon_meta'
[0.171s] Level 1:colcon.colcon_core.package_identification:_identify(.) by extensions ['ros']
[0.171s] Level 1:colcon.colcon_core.package_identification:_identify(.) by extension 'ros'
[0.178s] Level 1:colcon.colcon_core.package_identification:_identify(.) by extensions ['cmake', 'python']
[0.178s] Level 1:colcon.colcon_core.package_identification:_identify(.) by extension 'cmake'
[0.178s] Level 1:colcon.colcon_core.package_identification:_identify(.) by extension 'python'
[0.178s] Level 1:colcon.colcon_core.package_identification:_identify(.) by extensions ['python_setup_py']
[0.178s] Level 1:colcon.colcon_core.package_identification:_identify(.) by extension 'python_setup_py'
[0.178s] Level 1:colcon.colcon_core.package_identification:_identify(build) by extensions ['ignore', 'ignore_ament_install']
[0.178s] Level 1:colcon.colcon_core.package_identification:_identify(build) by extension 'ignore'
[0.178s] Level 1:colcon.colcon_core.package_identification:_identify(build) ignored
[0.178s] Level 1:colcon.colcon_core.package_identification:_identify(install) by extensions ['ignore', 'ignore_ament_install']
[0.179s] Level 1:colcon.colcon_core.package_identification:_identify(install) by extension 'ignore'
[0.179s] Level 1:colcon.colcon_core.package_identification:_identify(install) ignored
[0.179s] Level 1:colcon.colcon_core.package_identification:_identify(log) by extensions ['ignore', 'ignore_ament_install']
[0.179s] Level 1:colcon.colcon_core.package_identification:_identify(log) by extension 'ignore'
[0.179s] Level 1:colcon.colcon_core.package_identification:_identify(log) ignored
[0.179s] Level 1:colcon.colcon_core.package_identification:_identify(src) by extensions ['ignore', 'ignore_ament_install']
[0.179s] Level 1:colcon.colcon_core.package_identification:_identify(src) by extension 'ignore'
[0.179s] Level 1:colcon.colcon_core.package_identification:_identify(src) by extension 'ignore_ament_install'
[0.179s] Level 1:colcon.colcon_core.package_identification:_identify(src) by extensions ['colcon_pkg']
[0.179s] Level 1:colcon.colcon_core.package_identification:_identify(src) by extension 'colcon_pkg'
[0.179s] Level 1:colcon.colcon_core.package_identification:_identify(src) by extensions ['colcon_meta']
[0.179s] Level 1:colcon.colcon_core.package_identification:_identify(src) by extension 'colcon_meta'
[0.179s] Level 1:colcon.colcon_core.package_identification:_identify(src) by extensions ['ros']
[0.179s] Level 1:colcon.colcon_core.package_identification:_identify(src) by extension 'ros'
[0.179s] Level 1:colcon.colcon_core.package_identification:_identify(src) by extensions ['cmake', 'python']
[0.179s] Level 1:colcon.colcon_core.package_identification:_identify(src) by extension 'cmake'
[0.179s] Level 1:colcon.colcon_core.package_identification:_identify(src) by extension 'python'
[0.179s] Level 1:colcon.colcon_core.package_identification:_identify(src) by extensions ['python_setup_py']
[0.179s] Level 1:colcon.colcon_core.package_identification:_identify(src) by extension 'python_setup_py'
[0.179s] Level 1:colcon.colcon_core.package_identification:_identify(src/vrx) by extensions ['ignore', 'ignore_ament_install']
[0.179s] Level 1:colcon.colcon_core.package_identification:_identify(src/vrx) by extension 'ignore'
[0.179s] Level 1:colcon.colcon_core.package_identification:_identify(src/vrx) by extension 'ignore_ament_install'
[0.179s] Level 1:colcon.colcon_core.package_identification:_identify(src/vrx) by extensions ['colcon_pkg']
[0.179s] Level 1:colcon.colcon_core.package_identification:_identify(src/vrx) by extension 'colcon_pkg'
[0.179s] Level 1:colcon.colcon_core.package_identification:_identify(src/vrx) by extensions ['colcon_meta']
[0.179s] Level 1:colcon.colcon_core.package_identification:_identify(src/vrx) by extension 'colcon_meta'
[0.179s] Level 1:colcon.colcon_core.package_identification:_identify(src/vrx) by extensions ['ros']
[0.179s] Level 1:colcon.colcon_core.package_identification:_identify(src/vrx) by extension 'ros'
[0.179s] Level 1:colcon.colcon_core.package_identification:_identify(src/vrx) by extensions ['cmake', 'python']
[0.179s] Level 1:colcon.colcon_core.package_identification:_identify(src/vrx) by extension 'cmake'
[0.179s] Level 1:colcon.colcon_core.package_identification:_identify(src/vrx) by extension 'python'
[0.179s] Level 1:colcon.colcon_core.package_identification:_identify(src/vrx) by extensions ['python_setup_py']
[0.179s] Level 1:colcon.colcon_core.package_identification:_identify(src/vrx) by extension 'python_setup_py'
[0.179s] Level 1:colcon.colcon_core.package_identification:_identify(src/vrx/images) by extensions ['ignore', 'ignore_ament_install']
[0.179s] Level 1:colcon.colcon_core.package_identification:_identify(src/vrx/images) by extension 'ignore'
[0.179s] Level 1:colcon.colcon_core.package_identification:_identify(src/vrx/images) by extension 'ignore_ament_install'
[0.179s] Level 1:colcon.colcon_core.package_identification:_identify(src/vrx/images) by extensions ['colcon_pkg']
[0.179s] Level 1:colcon.colcon_core.package_identification:_identify(src/vrx/images) by extension 'colcon_pkg'
[0.179s] Level 1:colcon.colcon_core.package_identification:_identify(src/vrx/images) by extensions ['colcon_meta']
[0.180s] Level 1:colcon.colcon_core.package_identification:_identify(src/vrx/images) by extension 'colcon_meta'
[0.180s] Level 1:colcon.colcon_core.package_identification:_identify(src/vrx/images) by extensions ['ros']
[0.180s] Level 1:colcon.colcon_core.package_identification:_identify(src/vrx/images) by extension 'ros'
[0.180s] Level 1:colcon.colcon_core.package_identification:_identify(src/vrx/images) by extensions ['cmake', 'python']
[0.180s] Level 1:colcon.colcon_core.package_identification:_identify(src/vrx/images) by extension 'cmake'
[0.180s] Level 1:colcon.colcon_core.package_identification:_identify(src/vrx/images) by extension 'python'
[0.180s] Level 1:colcon.colcon_core.package_identification:_identify(src/vrx/images) by extensions ['python_setup_py']
[0.180s] Level 1:colcon.colcon_core.package_identification:_identify(src/vrx/images) by extension 'python_setup_py'
[0.180s] Level 1:colcon.colcon_core.package_identification:_identify(src/vrx/vrx_gz) by extensions ['ignore', 'ignore_ament_install']
[0.180s] Level 1:colcon.colcon_core.package_identification:_identify(src/vrx/vrx_gz) by extension 'ignore'
[0.180s] Level 1:colcon.colcon_core.package_identification:_identify(src/vrx/vrx_gz) by extension 'ignore_ament_install'
[0.180s] Level 1:colcon.colcon_core.package_identification:_identify(src/vrx/vrx_gz) by extensions ['colcon_pkg']
[0.180s] Level 1:colcon.colcon_core.package_identification:_identify(src/vrx/vrx_gz) by extension 'colcon_pkg'
[0.180s] Level 1:colcon.colcon_core.package_identification:_identify(src/vrx/vrx_gz) by extensions ['colcon_meta']
[0.180s] Level 1:colcon.colcon_core.package_identification:_identify(src/vrx/vrx_gz) by extension 'colcon_meta'
[0.180s] Level 1:colcon.colcon_core.package_identification:_identify(src/vrx/vrx_gz) by extensions ['ros']
[0.180s] Level 1:colcon.colcon_core.package_identification:_identify(src/vrx/vrx_gz) by extension 'ros'
[0.181s] DEBUG:colcon.colcon_core.package_identification:Package 'src/vrx/vrx_gz' with type 'ros.ament_cmake' and name 'vrx_gz'
[0.182s] Level 1:colcon.colcon_core.package_identification:_identify(src/vrx/vrx_ros) by extensions ['ignore', 'ignore_ament_install']
[0.182s] Level 1:colcon.colcon_core.package_identification:_identify(src/vrx/vrx_ros) by extension 'ignore'
[0.182s] Level 1:colcon.colcon_core.package_identification:_identify(src/vrx/vrx_ros) by extension 'ignore_ament_install'
[0.182s] Level 1:colcon.colcon_core.package_identification:_identify(src/vrx/vrx_ros) by extensions ['colcon_pkg']
[0.182s] Level 1:colcon.colcon_core.package_identification:_identify(src/vrx/vrx_ros) by extension 'colcon_pkg'
[0.182s] Level 1:colcon.colcon_core.package_identification:_identify(src/vrx/vrx_ros) by extensions ['colcon_meta']
[0.182s] Level 1:colcon.colcon_core.package_identification:_identify(src/vrx/vrx_ros) by extension 'colcon_meta'
[0.182s] Level 1:colcon.colcon_core.package_identification:_identify(src/vrx/vrx_ros) by extensions ['ros']
[0.182s] Level 1:colcon.colcon_core.package_identification:_identify(src/vrx/vrx_ros) by extension 'ros'
[0.182s] DEBUG:colcon.colcon_core.package_identification:Package 'src/vrx/vrx_ros' with type 'ros.ament_cmake' and name 'vrx_ros'
[0.182s] Level 1:colcon.colcon_core.package_identification:_identify(src/vrx/vrx_urdf) by extensions ['ignore', 'ignore_ament_install']
[0.183s] Level 1:colcon.colcon_core.package_identification:_identify(src/vrx/vrx_urdf) by extension 'ignore'
[0.183s] Level 1:colcon.colcon_core.package_identification:_identify(src/vrx/vrx_urdf) by extension 'ignore_ament_install'
[0.183s] Level 1:colcon.colcon_core.package_identification:_identify(src/vrx/vrx_urdf) by extensions ['colcon_pkg']
[0.183s] Level 1:colcon.colcon_core.package_identification:_identify(src/vrx/vrx_urdf) by extension 'colcon_pkg'
[0.183s] Level 1:colcon.colcon_core.package_identification:_identify(src/vrx/vrx_urdf) by extensions ['colcon_meta']
[0.183s] Level 1:colcon.colcon_core.package_identification:_identify(src/vrx/vrx_urdf) by extension 'colcon_meta'
[0.183s] Level 1:colcon.colcon_core.package_identification:_identify(src/vrx/vrx_urdf) by extensions ['ros']
[0.183s] Level 1:colcon.colcon_core.package_identification:_identify(src/vrx/vrx_urdf) by extension 'ros'
[0.183s] Level 1:colcon.colcon_core.package_identification:_identify(src/vrx/vrx_urdf) by extensions ['cmake', 'python']
[0.183s] Level 1:colcon.colcon_core.package_identification:_identify(src/vrx/vrx_urdf) by extension 'cmake'
[0.183s] Level 1:colcon.colcon_core.package_identification:_identify(src/vrx/vrx_urdf) by extension 'python'
[0.183s] Level 1:colcon.colcon_core.package_identification:_identify(src/vrx/vrx_urdf) by extensions ['python_setup_py']
[0.183s] Level 1:colcon.colcon_core.package_identification:_identify(src/vrx/vrx_urdf) by extension 'python_setup_py'
[0.183s] Level 1:colcon.colcon_core.package_identification:_identify(src/vrx/vrx_urdf/vrx_gazebo) by extensions ['ignore', 'ignore_ament_install']
[0.183s] Level 1:colcon.colcon_core.package_identification:_identify(src/vrx/vrx_urdf/vrx_gazebo) by extension 'ignore'
[0.183s] Level 1:colcon.colcon_core.package_identification:_identify(src/vrx/vrx_urdf/vrx_gazebo) by extension 'ignore_ament_install'
[0.183s] Level 1:colcon.colcon_core.package_identification:_identify(src/vrx/vrx_urdf/vrx_gazebo) by extensions ['colcon_pkg']
[0.183s] Level 1:colcon.colcon_core.package_identification:_identify(src/vrx/vrx_urdf/vrx_gazebo) by extension 'colcon_pkg'
[0.183s] Level 1:colcon.colcon_core.package_identification:_identify(src/vrx/vrx_urdf/vrx_gazebo) by extensions ['colcon_meta']
[0.183s] Level 1:colcon.colcon_core.package_identification:_identify(src/vrx/vrx_urdf/vrx_gazebo) by extension 'colcon_meta'
[0.183s] Level 1:colcon.colcon_core.package_identification:_identify(src/vrx/vrx_urdf/vrx_gazebo) by extensions ['ros']
[0.183s] Level 1:colcon.colcon_core.package_identification:_identify(src/vrx/vrx_urdf/vrx_gazebo) by extension 'ros'
[0.183s] DEBUG:colcon.colcon_core.package_identification:Package 'src/vrx/vrx_urdf/vrx_gazebo' with type 'ros.ament_cmake' and name 'vrx_gazebo'
[0.183s] Level 1:colcon.colcon_core.package_identification:_identify(src/vrx/vrx_urdf/wamv_description) by extensions ['ignore', 'ignore_ament_install']
[0.183s] Level 1:colcon.colcon_core.package_identification:_identify(src/vrx/vrx_urdf/wamv_description) by extension 'ignore'
[0.184s] Level 1:colcon.colcon_core.package_identification:_identify(src/vrx/vrx_urdf/wamv_description) by extension 'ignore_ament_install'
[0.184s] Level 1:colcon.colcon_core.package_identification:_identify(src/vrx/vrx_urdf/wamv_description) by extensions ['colcon_pkg']
[0.184s] Level 1:colcon.colcon_core.package_identification:_identify(src/vrx/vrx_urdf/wamv_description) by extension 'colcon_pkg'
[0.184s] Level 1:colcon.colcon_core.package_identification:_identify(src/vrx/vrx_urdf/wamv_description) by extensions ['colcon_meta']
[0.184s] Level 1:colcon.colcon_core.package_identification:_identify(src/vrx/vrx_urdf/wamv_description) by extension 'colcon_meta'
[0.184s] Level 1:colcon.colcon_core.package_identification:_identify(src/vrx/vrx_urdf/wamv_description) by extensions ['ros']
[0.184s] Level 1:colcon.colcon_core.package_identification:_identify(src/vrx/vrx_urdf/wamv_description) by extension 'ros'
[0.184s] DEBUG:colcon.colcon_core.package_identification:Package 'src/vrx/vrx_urdf/wamv_description' with type 'ros.ament_cmake' and name 'wamv_description'
[0.184s] Level 1:colcon.colcon_core.package_identification:_identify(src/vrx/vrx_urdf/wamv_gazebo) by extensions ['ignore', 'ignore_ament_install']
[0.184s] Level 1:colcon.colcon_core.package_identification:_identify(src/vrx/vrx_urdf/wamv_gazebo) by extension 'ignore'
[0.184s] Level 1:colcon.colcon_core.package_identification:_identify(src/vrx/vrx_urdf/wamv_gazebo) by extension 'ignore_ament_install'
[0.184s] Level 1:colcon.colcon_core.package_identification:_identify(src/vrx/vrx_urdf/wamv_gazebo) by extensions ['colcon_pkg']
[0.184s] Level 1:colcon.colcon_core.package_identification:_identify(src/vrx/vrx_urdf/wamv_gazebo) by extension 'colcon_pkg'
[0.184s] Level 1:colcon.colcon_core.package_identification:_identify(src/vrx/vrx_urdf/wamv_gazebo) by extensions ['colcon_meta']
[0.184s] Level 1:colcon.colcon_core.package_identification:_identify(src/vrx/vrx_urdf/wamv_gazebo) by extension 'colcon_meta'
[0.184s] Level 1:colcon.colcon_core.package_identification:_identify(src/vrx/vrx_urdf/wamv_gazebo) by extensions ['ros']
[0.184s] Level 1:colcon.colcon_core.package_identification:_identify(src/vrx/vrx_urdf/wamv_gazebo) by extension 'ros'
[0.185s] DEBUG:colcon.colcon_core.package_identification:Package 'src/vrx/vrx_urdf/wamv_gazebo' with type 'ros.ament_cmake' and name 'wamv_gazebo'
[0.185s] Level 1:colcon.colcon_core.package_discovery:discover_packages(recursive) using defaults
[0.185s] Level 1:colcon.colcon_core.package_discovery:discover_packages(ignore) discover
[0.185s] Level 1:colcon.colcon_core.package_discovery:discover_packages(ignore) using defaults
[0.185s] Level 1:colcon.colcon_core.package_discovery:discover_packages(path) discover
[0.185s] Level 1:colcon.colcon_core.package_discovery:discover_packages(path) using defaults
[0.203s] Level 1:colcon.colcon_core.package_discovery:discover_packages(prefix_path) check parameters
[0.203s] Level 1:colcon.colcon_core.package_discovery:discover_packages(prefix_path) discover
[0.205s] DEBUG:colcon.colcon_installed_package_information.package_discovery:Found 5 installed packages in /home/cj/vrx_ws/install
[0.205s] DEBUG:colcon.colcon_installed_package_information.package_discovery:Found 23 installed packages in /home/cj/ros2_ws/install
[0.206s] DEBUG:colcon.colcon_installed_package_information.package_discovery:Found 310 installed packages in /opt/ros/humble
[0.207s] Level 1:colcon.colcon_core.package_discovery:discover_packages(prefix_path) using defaults
[0.232s] Level 5:colcon.colcon_core.verb:set package 'vrx_gazebo' build argument 'cmake_args' from command line to 'None'
[0.232s] Level 5:colcon.colcon_core.verb:set package 'vrx_gazebo' build argument 'cmake_target' from command line to 'None'
[0.232s] Level 5:colcon.colcon_core.verb:set package 'vrx_gazebo' build argument 'cmake_target_skip_unavailable' from command line to 'False'
[0.232s] Level 5:colcon.colcon_core.verb:set package 'vrx_gazebo' build argument 'cmake_clean_cache' from command line to 'False'
[0.232s] Level 5:colcon.colcon_core.verb:set package 'vrx_gazebo' build argument 'cmake_clean_first' from command line to 'False'
[0.232s] Level 5:colcon.colcon_core.verb:set package 'vrx_gazebo' build argument 'cmake_force_configure' from command line to 'False'
[0.232s] Level 5:colcon.colcon_core.verb:set package 'vrx_gazebo' build argument 'ament_cmake_args' from command line to 'None'
[0.232s] Level 5:colcon.colcon_core.verb:set package 'vrx_gazebo' build argument 'catkin_cmake_args' from command line to 'None'
[0.232s] Level 5:colcon.colcon_core.verb:set package 'vrx_gazebo' build argument 'catkin_skip_building_tests' from command line to 'False'
[0.232s] DEBUG:colcon.colcon_core.verb:Building package 'vrx_gazebo' with the following arguments: {'ament_cmake_args': None, 'build_base': '/home/cj/vrx_ws/build/vrx_gazebo', 'catkin_cmake_args': None, 'catkin_skip_building_tests': False, 'cmake_args': None, 'cmake_clean_cache': False, 'cmake_clean_first': False, 'cmake_force_configure': False, 'cmake_target': None, 'cmake_target_skip_unavailable': False, 'install_base': '/home/cj/vrx_ws/install', 'merge_install': True, 'path': '/home/cj/vrx_ws/src/vrx/vrx_urdf/vrx_gazebo', 'symlink_install': False, 'test_result_base': None}
[0.232s] Level 5:colcon.colcon_core.verb:set package 'vrx_ros' build argument 'cmake_args' from command line to 'None'
[0.232s] Level 5:colcon.colcon_core.verb:set package 'vrx_ros' build argument 'cmake_target' from command line to 'None'
[0.232s] Level 5:colcon.colcon_core.verb:set package 'vrx_ros' build argument 'cmake_target_skip_unavailable' from command line to 'False'
[0.232s] Level 5:colcon.colcon_core.verb:set package 'vrx_ros' build argument 'cmake_clean_cache' from command line to 'False'
[0.232s] Level 5:colcon.colcon_core.verb:set package 'vrx_ros' build argument 'cmake_clean_first' from command line to 'False'
[0.232s] Level 5:colcon.colcon_core.verb:set package 'vrx_ros' build argument 'cmake_force_configure' from command line to 'False'
[0.232s] Level 5:colcon.colcon_core.verb:set package 'vrx_ros' build argument 'ament_cmake_args' from command line to 'None'
[0.232s] Level 5:colcon.colcon_core.verb:set package 'vrx_ros' build argument 'catkin_cmake_args' from command line to 'None'
[0.232s] Level 5:colcon.colcon_core.verb:set package 'vrx_ros' build argument 'catkin_skip_building_tests' from command line to 'False'
[0.232s] DEBUG:colcon.colcon_core.verb:Building package 'vrx_ros' with the following arguments: {'ament_cmake_args': None, 'build_base': '/home/cj/vrx_ws/build/vrx_ros', 'catkin_cmake_args': None, 'catkin_skip_building_tests': False, 'cmake_args': None, 'cmake_clean_cache': False, 'cmake_clean_first': False, 'cmake_force_configure': False, 'cmake_target': None, 'cmake_target_skip_unavailable': False, 'install_base': '/home/cj/vrx_ws/install', 'merge_install': True, 'path': '/home/cj/vrx_ws/src/vrx/vrx_ros', 'symlink_install': False, 'test_result_base': None}
[0.232s] Level 5:colcon.colcon_core.verb:set package 'vrx_gz' build argument 'cmake_args' from command line to 'None'
[0.232s] Level 5:colcon.colcon_core.verb:set package 'vrx_gz' build argument 'cmake_target' from command line to 'None'
[0.232s] Level 5:colcon.colcon_core.verb:set package 'vrx_gz' build argument 'cmake_target_skip_unavailable' from command line to 'False'
[0.232s] Level 5:colcon.colcon_core.verb:set package 'vrx_gz' build argument 'cmake_clean_cache' from command line to 'False'
[0.232s] Level 5:colcon.colcon_core.verb:set package 'vrx_gz' build argument 'cmake_clean_first' from command line to 'False'
[0.232s] Level 5:colcon.colcon_core.verb:set package 'vrx_gz' build argument 'cmake_force_configure' from command line to 'False'
[0.232s] Level 5:colcon.colcon_core.verb:set package 'vrx_gz' build argument 'ament_cmake_args' from command line to 'None'
[0.232s] Level 5:colcon.colcon_core.verb:set package 'vrx_gz' build argument 'catkin_cmake_args' from command line to 'None'
[0.232s] Level 5:colcon.colcon_core.verb:set package 'vrx_gz' build argument 'catkin_skip_building_tests' from command line to 'False'
[0.232s] DEBUG:colcon.colcon_core.verb:Building package 'vrx_gz' with the following arguments: {'ament_cmake_args': None, 'build_base': '/home/cj/vrx_ws/build/vrx_gz', 'catkin_cmake_args': None, 'catkin_skip_building_tests': False, 'cmake_args': None, 'cmake_clean_cache': False, 'cmake_clean_first': False, 'cmake_force_configure': False, 'cmake_target': None, 'cmake_target_skip_unavailable': False, 'install_base': '/home/cj/vrx_ws/install', 'merge_install': True, 'path': '/home/cj/vrx_ws/src/vrx/vrx_gz', 'symlink_install': False, 'test_result_base': None}
[0.232s] Level 5:colcon.colcon_core.verb:set package 'wamv_description' build argument 'cmake_args' from command line to 'None'
[0.233s] Level 5:colcon.colcon_core.verb:set package 'wamv_description' build argument 'cmake_target' from command line to 'None'
[0.233s] Level 5:colcon.colcon_core.verb:set package 'wamv_description' build argument 'cmake_target_skip_unavailable' from command line to 'False'
[0.233s] Level 5:colcon.colcon_core.verb:set package 'wamv_description' build argument 'cmake_clean_cache' from command line to 'False'
[0.233s] Level 5:colcon.colcon_core.verb:set package 'wamv_description' build argument 'cmake_clean_first' from command line to 'False'
[0.233s] Level 5:colcon.colcon_core.verb:set package 'wamv_description' build argument 'cmake_force_configure' from command line to 'False'
[0.233s] Level 5:colcon.colcon_core.verb:set package 'wamv_description' build argument 'ament_cmake_args' from command line to 'None'
[0.233s] Level 5:colcon.colcon_core.verb:set package 'wamv_description' build argument 'catkin_cmake_args' from command line to 'None'
[0.233s] Level 5:colcon.colcon_core.verb:set package 'wamv_description' build argument 'catkin_skip_building_tests' from command line to 'False'
[0.233s] DEBUG:colcon.colcon_core.verb:Building package 'wamv_description' with the following arguments: {'ament_cmake_args': None, 'build_base': '/home/cj/vrx_ws/build/wamv_description', 'catkin_cmake_args': None, 'catkin_skip_building_tests': False, 'cmake_args': None, 'cmake_clean_cache': False, 'cmake_clean_first': False, 'cmake_force_configure': False, 'cmake_target': None, 'cmake_target_skip_unavailable': False, 'install_base': '/home/cj/vrx_ws/install', 'merge_install': True, 'path': '/home/cj/vrx_ws/src/vrx/vrx_urdf/wamv_description', 'symlink_install': False, 'test_result_base': None}
[0.233s] Level 5:colcon.colcon_core.verb:set package 'wamv_gazebo' build argument 'cmake_args' from command line to 'None'
[0.233s] Level 5:colcon.colcon_core.verb:set package 'wamv_gazebo' build argument 'cmake_target' from command line to 'None'
[0.233s] Level 5:colcon.colcon_core.verb:set package 'wamv_gazebo' build argument 'cmake_target_skip_unavailable' from command line to 'False'
[0.233s] Level 5:colcon.colcon_core.verb:set package 'wamv_gazebo' build argument 'cmake_clean_cache' from command line to 'False'
[0.233s] Level 5:colcon.colcon_core.verb:set package 'wamv_gazebo' build argument 'cmake_clean_first' from command line to 'False'
[0.233s] Level 5:colcon.colcon_core.verb:set package 'wamv_gazebo' build argument 'cmake_force_configure' from command line to 'False'
[0.233s] Level 5:colcon.colcon_core.verb:set package 'wamv_gazebo' build argument 'ament_cmake_args' from command line to 'None'
[0.233s] Level 5:colcon.colcon_core.verb:set package 'wamv_gazebo' build argument 'catkin_cmake_args' from command line to 'None'
[0.233s] Level 5:colcon.colcon_core.verb:set package 'wamv_gazebo' build argument 'catkin_skip_building_tests' from command line to 'False'
[0.233s] DEBUG:colcon.colcon_core.verb:Building package 'wamv_gazebo' with the following arguments: {'ament_cmake_args': None, 'build_base': '/home/cj/vrx_ws/build/wamv_gazebo', 'catkin_cmake_args': None, 'catkin_skip_building_tests': False, 'cmake_args': None, 'cmake_clean_cache': False, 'cmake_clean_first': False, 'cmake_force_configure': False, 'cmake_target': None, 'cmake_target_skip_unavailable': False, 'install_base': '/home/cj/vrx_ws/install', 'merge_install': True, 'path': '/home/cj/vrx_ws/src/vrx/vrx_urdf/wamv_gazebo', 'symlink_install': False, 'test_result_base': None}
[0.233s] INFO:colcon.colcon_core.executor:Executing jobs using 'parallel' executor
[0.234s] DEBUG:colcon.colcon_parallel_executor.executor.parallel:run_until_complete
[0.234s] INFO:colcon.colcon_ros.task.ament_cmake.build:Building ROS package in '/home/cj/vrx_ws/src/vrx/vrx_urdf/vrx_gazebo' with build type 'ament_cmake'
[0.234s] INFO:colcon.colcon_cmake.task.cmake.build:Building CMake package in '/home/cj/vrx_ws/src/vrx/vrx_urdf/vrx_gazebo'
[0.236s] INFO:colcon.colcon_core.plugin_system:Skipping extension 'colcon_core.shell.bat': Not used on non-Windows systems
[0.236s] INFO:colcon.colcon_core.shell:Skip shell extension 'powershell' for command environment: Not usable outside of PowerShell
[0.236s] DEBUG:colcon.colcon_core.shell:Skip shell extension 'dsv' for command environment
[0.238s] INFO:colcon.colcon_ros.task.ament_cmake.build:Building ROS package in '/home/cj/vrx_ws/src/vrx/vrx_ros' with build type 'ament_cmake'
[0.238s] INFO:colcon.colcon_cmake.task.cmake.build:Building CMake package in '/home/cj/vrx_ws/src/vrx/vrx_ros'
[0.239s] INFO:colcon.colcon_core.shell:Skip shell extension 'powershell' for command environment: Not usable outside of PowerShell
[0.239s] DEBUG:colcon.colcon_core.shell:Skip shell extension 'dsv' for command environment
[0.245s] DEBUG:colcon.colcon_core.event_handler.log_command:Invoking command in '/home/cj/vrx_ws/build/vrx_gazebo': CMAKE_PREFIX_PATH=${CMAKE_PREFIX_PATH}:/home/cj/ros2_ws/install/launch_testing_examples:/home/cj/ros2_ws/install/examples_rclpy_pointcloud_publisher:/home/cj/ros2_ws/install/examples_rclpy_minimal_subscriber:/home/cj/ros2_ws/install/examples_rclpy_minimal_service:/home/cj/ros2_ws/install/examples_rclpy_minimal_publisher:/home/cj/ros2_ws/install/examples_rclpy_minimal_client:/home/cj/ros2_ws/install/examples_rclpy_minimal_action_server:/home/cj/ros2_ws/install/examples_rclpy_minimal_action_client:/home/cj/ros2_ws/install/examples_rclpy_guard_conditions:/home/cj/ros2_ws/install/examples_rclpy_executors:/opt/ros/humble /usr/bin/cmake --build /home/cj/vrx_ws/build/vrx_gazebo -- -j16 -l16
[0.247s] DEBUG:colcon.colcon_core.event_handler.log_command:Invoking command in '/home/cj/vrx_ws/build/vrx_ros': CMAKE_PREFIX_PATH=${CMAKE_PREFIX_PATH}:/home/cj/ros2_ws/install/launch_testing_examples:/home/cj/ros2_ws/install/examples_rclpy_pointcloud_publisher:/home/cj/ros2_ws/install/examples_rclpy_minimal_subscriber:/home/cj/ros2_ws/install/examples_rclpy_minimal_service:/home/cj/ros2_ws/install/examples_rclpy_minimal_publisher:/home/cj/ros2_ws/install/examples_rclpy_minimal_client:/home/cj/ros2_ws/install/examples_rclpy_minimal_action_server:/home/cj/ros2_ws/install/examples_rclpy_minimal_action_client:/home/cj/ros2_ws/install/examples_rclpy_guard_conditions:/home/cj/ros2_ws/install/examples_rclpy_executors:/opt/ros/humble /usr/bin/cmake --build /home/cj/vrx_ws/build/vrx_ros -- -j16 -l16
[0.303s] DEBUG:colcon.colcon_core.event_handler.log_command:Invoked command in '/home/cj/vrx_ws/build/vrx_ros' returned '0': CMAKE_PREFIX_PATH=${CMAKE_PREFIX_PATH}:/home/cj/ros2_ws/install/launch_testing_examples:/home/cj/ros2_ws/install/examples_rclpy_pointcloud_publisher:/home/cj/ros2_ws/install/examples_rclpy_minimal_subscriber:/home/cj/ros2_ws/install/examples_rclpy_minimal_service:/home/cj/ros2_ws/install/examples_rclpy_minimal_publisher:/home/cj/ros2_ws/install/examples_rclpy_minimal_client:/home/cj/ros2_ws/install/examples_rclpy_minimal_action_server:/home/cj/ros2_ws/install/examples_rclpy_minimal_action_client:/home/cj/ros2_ws/install/examples_rclpy_guard_conditions:/home/cj/ros2_ws/install/examples_rclpy_executors:/opt/ros/humble /usr/bin/cmake --build /home/cj/vrx_ws/build/vrx_ros -- -j16 -l16
[0.310s] DEBUG:colcon.colcon_core.event_handler.log_command:Invoking command in '/home/cj/vrx_ws/build/vrx_ros': CMAKE_PREFIX_PATH=${CMAKE_PREFIX_PATH}:/home/cj/ros2_ws/install/launch_testing_examples:/home/cj/ros2_ws/install/examples_rclpy_pointcloud_publisher:/home/cj/ros2_ws/install/examples_rclpy_minimal_subscriber:/home/cj/ros2_ws/install/examples_rclpy_minimal_service:/home/cj/ros2_ws/install/examples_rclpy_minimal_publisher:/home/cj/ros2_ws/install/examples_rclpy_minimal_client:/home/cj/ros2_ws/install/examples_rclpy_minimal_action_server:/home/cj/ros2_ws/install/examples_rclpy_minimal_action_client:/home/cj/ros2_ws/install/examples_rclpy_guard_conditions:/home/cj/ros2_ws/install/examples_rclpy_executors:/opt/ros/humble /usr/bin/cmake --install /home/cj/vrx_ws/build/vrx_ros
[0.317s] Level 1:colcon.colcon_core.environment:create_environment_scripts_only(vrx_ros)
[0.317s] DEBUG:colcon.colcon_core.event_handler.log_command:Invoked command in '/home/cj/vrx_ws/build/vrx_ros' returned '0': CMAKE_PREFIX_PATH=${CMAKE_PREFIX_PATH}:/home/cj/ros2_ws/install/launch_testing_examples:/home/cj/ros2_ws/install/examples_rclpy_pointcloud_publisher:/home/cj/ros2_ws/install/examples_rclpy_minimal_subscriber:/home/cj/ros2_ws/install/examples_rclpy_minimal_service:/home/cj/ros2_ws/install/examples_rclpy_minimal_publisher:/home/cj/ros2_ws/install/examples_rclpy_minimal_client:/home/cj/ros2_ws/install/examples_rclpy_minimal_action_server:/home/cj/ros2_ws/install/examples_rclpy_minimal_action_client:/home/cj/ros2_ws/install/examples_rclpy_guard_conditions:/home/cj/ros2_ws/install/examples_rclpy_executors:/opt/ros/humble /usr/bin/cmake --install /home/cj/vrx_ws/build/vrx_ros
[0.319s] Level 1:colcon.colcon_core.environment:checking '/home/cj/vrx_ws/install' for CMake module files
[0.319s] Level 1:colcon.colcon_core.environment:checking '/home/cj/vrx_ws/install' for CMake config files
[0.319s] Level 1:colcon.colcon_core.shell:create_environment_hook('vrx_ros', 'cmake_prefix_path')
[0.319s] INFO:colcon.colcon_core.shell:Creating environment hook '/home/cj/vrx_ws/install/share/vrx_ros/hook/cmake_prefix_path.ps1'
[0.320s] INFO:colcon.colcon_core.shell:Creating environment descriptor '/home/cj/vrx_ws/install/share/vrx_ros/hook/cmake_prefix_path.dsv'
[0.320s] INFO:colcon.colcon_core.shell:Creating environment hook '/home/cj/vrx_ws/install/share/vrx_ros/hook/cmake_prefix_path.sh'
[0.321s] Level 1:colcon.colcon_core.environment:checking '/home/cj/vrx_ws/install/lib'
[0.321s] Level 1:colcon.colcon_core.shell:create_environment_hook('vrx_ros', 'ld_library_path_lib')
[0.321s] INFO:colcon.colcon_core.shell:Creating environment hook '/home/cj/vrx_ws/install/share/vrx_ros/hook/ld_library_path_lib.ps1'
[0.321s] INFO:colcon.colcon_core.shell:Creating environment descriptor '/home/cj/vrx_ws/install/share/vrx_ros/hook/ld_library_path_lib.dsv'
[0.321s] INFO:colcon.colcon_core.shell:Creating environment hook '/home/cj/vrx_ws/install/share/vrx_ros/hook/ld_library_path_lib.sh'
[0.321s] Level 1:colcon.colcon_core.environment:checking '/home/cj/vrx_ws/install/bin'
[0.321s] Level 1:colcon.colcon_core.environment:checking '/home/cj/vrx_ws/install/lib/pkgconfig/vrx_ros.pc'
[0.322s] Level 1:colcon.colcon_core.environment:checking '/home/cj/vrx_ws/install/lib/python3.10/site-packages'
[0.322s] Level 1:colcon.colcon_core.environment:checking '/home/cj/vrx_ws/install/bin'
[0.322s] INFO:colcon.colcon_core.shell:Creating package script '/home/cj/vrx_ws/install/share/vrx_ros/package.ps1'
[0.323s] INFO:colcon.colcon_core.shell:Creating package descriptor '/home/cj/vrx_ws/install/share/vrx_ros/package.dsv'
[0.323s] INFO:colcon.colcon_core.shell:Creating package script '/home/cj/vrx_ws/install/share/vrx_ros/package.sh'
[0.323s] INFO:colcon.colcon_core.shell:Creating package script '/home/cj/vrx_ws/install/share/vrx_ros/package.bash'
[0.324s] INFO:colcon.colcon_core.shell:Creating package script '/home/cj/vrx_ws/install/share/vrx_ros/package.zsh'
[0.324s] Level 1:colcon.colcon_core.environment:create_file_with_runtime_dependencies(/home/cj/vrx_ws/install/share/colcon-core/packages/vrx_ros)
[0.324s] Level 1:colcon.colcon_core.environment:create_environment_scripts_only(vrx_ros)
[0.324s] Level 1:colcon.colcon_core.environment:checking '/home/cj/vrx_ws/install' for CMake module files
[0.325s] Level 1:colcon.colcon_core.environment:checking '/home/cj/vrx_ws/install' for CMake config files
[0.325s] Level 1:colcon.colcon_core.shell:create_environment_hook('vrx_ros', 'cmake_prefix_path')
[0.325s] INFO:colcon.colcon_core.shell:Creating environment hook '/home/cj/vrx_ws/install/share/vrx_ros/hook/cmake_prefix_path.ps1'
[0.325s] INFO:colcon.colcon_core.shell:Creating environment descriptor '/home/cj/vrx_ws/install/share/vrx_ros/hook/cmake_prefix_path.dsv'
[0.325s] INFO:colcon.colcon_core.shell:Creating environment hook '/home/cj/vrx_ws/install/share/vrx_ros/hook/cmake_prefix_path.sh'
[0.326s] Level 1:colcon.colcon_core.environment:checking '/home/cj/vrx_ws/install/lib'
[0.326s] Level 1:colcon.colcon_core.shell:create_environment_hook('vrx_ros', 'ld_library_path_lib')
[0.326s] INFO:colcon.colcon_core.shell:Creating environment hook '/home/cj/vrx_ws/install/share/vrx_ros/hook/ld_library_path_lib.ps1'
[0.326s] INFO:colcon.colcon_core.shell:Creating environment descriptor '/home/cj/vrx_ws/install/share/vrx_ros/hook/ld_library_path_lib.dsv'
[0.326s] INFO:colcon.colcon_core.shell:Creating environment hook '/home/cj/vrx_ws/install/share/vrx_ros/hook/ld_library_path_lib.sh'
[0.326s] Level 1:colcon.colcon_core.environment:checking '/home/cj/vrx_ws/install/bin'
[0.326s] Level 1:colcon.colcon_core.environment:checking '/home/cj/vrx_ws/install/lib/pkgconfig/vrx_ros.pc'
[0.327s] Level 1:colcon.colcon_core.environment:checking '/home/cj/vrx_ws/install/lib/python3.10/site-packages'
[0.327s] Level 1:colcon.colcon_core.environment:checking '/home/cj/vrx_ws/install/bin'
[0.327s] INFO:colcon.colcon_core.shell:Creating package script '/home/cj/vrx_ws/install/share/vrx_ros/package.ps1'
[0.327s] INFO:colcon.colcon_core.shell:Creating package descriptor '/home/cj/vrx_ws/install/share/vrx_ros/package.dsv'
[0.327s] INFO:colcon.colcon_core.shell:Creating package script '/home/cj/vrx_ws/install/share/vrx_ros/package.sh'
[0.328s] INFO:colcon.colcon_core.shell:Creating package script '/home/cj/vrx_ws/install/share/vrx_ros/package.bash'
[0.328s] INFO:colcon.colcon_core.shell:Creating package script '/home/cj/vrx_ws/install/share/vrx_ros/package.zsh'
[0.328s] Level 1:colcon.colcon_core.environment:create_file_with_runtime_dependencies(/home/cj/vrx_ws/install/share/colcon-core/packages/vrx_ros)
[0.328s] INFO:colcon.colcon_ros.task.ament_cmake.build:Building ROS package in '/home/cj/vrx_ws/src/vrx/vrx_gz' with build type 'ament_cmake'
[0.328s] INFO:colcon.colcon_cmake.task.cmake.build:Building CMake package in '/home/cj/vrx_ws/src/vrx/vrx_gz'
[0.328s] INFO:colcon.colcon_core.shell:Skip shell extension 'powershell' for command environment: Not usable outside of PowerShell
[0.328s] DEBUG:colcon.colcon_core.shell:Skip shell extension 'dsv' for command environment
[0.336s] DEBUG:colcon.colcon_core.event_handler.log_command:Invoking command in '/home/cj/vrx_ws/build/vrx_gz': CMAKE_PREFIX_PATH=${CMAKE_PREFIX_PATH}:/home/cj/ros2_ws/install/launch_testing_examples:/home/cj/ros2_ws/install/examples_rclpy_pointcloud_publisher:/home/cj/ros2_ws/install/examples_rclpy_minimal_subscriber:/home/cj/ros2_ws/install/examples_rclpy_minimal_service:/home/cj/ros2_ws/install/examples_rclpy_minimal_publisher:/home/cj/ros2_ws/install/examples_rclpy_minimal_client:/home/cj/ros2_ws/install/examples_rclpy_minimal_action_server:/home/cj/ros2_ws/install/examples_rclpy_minimal_action_client:/home/cj/ros2_ws/install/examples_rclpy_guard_conditions:/home/cj/ros2_ws/install/examples_rclpy_executors:/opt/ros/humble /usr/bin/cmake --build /home/cj/vrx_ws/build/vrx_gz -- -j16 -l16
[0.489s] DEBUG:colcon.colcon_core.event_handler.log_command:Invoked command in '/home/cj/vrx_ws/build/vrx_gazebo' returned '0': CMAKE_PREFIX_PATH=${CMAKE_PREFIX_PATH}:/home/cj/ros2_ws/install/launch_testing_examples:/home/cj/ros2_ws/install/examples_rclpy_pointcloud_publisher:/home/cj/ros2_ws/install/examples_rclpy_minimal_subscriber:/home/cj/ros2_ws/install/examples_rclpy_minimal_service:/home/cj/ros2_ws/install/examples_rclpy_minimal_publisher:/home/cj/ros2_ws/install/examples_rclpy_minimal_client:/home/cj/ros2_ws/install/examples_rclpy_minimal_action_server:/home/cj/ros2_ws/install/examples_rclpy_minimal_action_client:/home/cj/ros2_ws/install/examples_rclpy_guard_conditions:/home/cj/ros2_ws/install/examples_rclpy_executors:/opt/ros/humble /usr/bin/cmake --build /home/cj/vrx_ws/build/vrx_gazebo -- -j16 -l16
[0.491s] DEBUG:colcon.colcon_core.event_handler.log_command:Invoking command in '/home/cj/vrx_ws/build/vrx_gazebo': CMAKE_PREFIX_PATH=${CMAKE_PREFIX_PATH}:/home/cj/ros2_ws/install/launch_testing_examples:/home/cj/ros2_ws/install/examples_rclpy_pointcloud_publisher:/home/cj/ros2_ws/install/examples_rclpy_minimal_subscriber:/home/cj/ros2_ws/install/examples_rclpy_minimal_service:/home/cj/ros2_ws/install/examples_rclpy_minimal_publisher:/home/cj/ros2_ws/install/examples_rclpy_minimal_client:/home/cj/ros2_ws/install/examples_rclpy_minimal_action_server:/home/cj/ros2_ws/install/examples_rclpy_minimal_action_client:/home/cj/ros2_ws/install/examples_rclpy_guard_conditions:/home/cj/ros2_ws/install/examples_rclpy_executors:/opt/ros/humble /usr/bin/cmake --install /home/cj/vrx_ws/build/vrx_gazebo
[0.525s] Level 1:colcon.colcon_core.environment:create_environment_scripts_only(vrx_gazebo)
[0.525s] Level 1:colcon.colcon_core.environment:checking '/home/cj/vrx_ws/install' for CMake module files
[0.525s] DEBUG:colcon.colcon_core.event_handler.log_command:Invoked command in '/home/cj/vrx_ws/build/vrx_gazebo' returned '0': CMAKE_PREFIX_PATH=${CMAKE_PREFIX_PATH}:/home/cj/ros2_ws/install/launch_testing_examples:/home/cj/ros2_ws/install/examples_rclpy_pointcloud_publisher:/home/cj/ros2_ws/install/examples_rclpy_minimal_subscriber:/home/cj/ros2_ws/install/examples_rclpy_minimal_service:/home/cj/ros2_ws/install/examples_rclpy_minimal_publisher:/home/cj/ros2_ws/install/examples_rclpy_minimal_client:/home/cj/ros2_ws/install/examples_rclpy_minimal_action_server:/home/cj/ros2_ws/install/examples_rclpy_minimal_action_client:/home/cj/ros2_ws/install/examples_rclpy_guard_conditions:/home/cj/ros2_ws/install/examples_rclpy_executors:/opt/ros/humble /usr/bin/cmake --install /home/cj/vrx_ws/build/vrx_gazebo
[0.526s] Level 1:colcon.colcon_core.environment:checking '/home/cj/vrx_ws/install' for CMake config files
[0.526s] Level 1:colcon.colcon_core.shell:create_environment_hook('vrx_gazebo', 'cmake_prefix_path')
[0.526s] INFO:colcon.colcon_core.shell:Creating environment hook '/home/cj/vrx_ws/install/share/vrx_gazebo/hook/cmake_prefix_path.ps1'
[0.526s] INFO:colcon.colcon_core.shell:Creating environment descriptor '/home/cj/vrx_ws/install/share/vrx_gazebo/hook/cmake_prefix_path.dsv'
[0.526s] INFO:colcon.colcon_core.shell:Creating environment hook '/home/cj/vrx_ws/install/share/vrx_gazebo/hook/cmake_prefix_path.sh'
[0.527s] Level 1:colcon.colcon_core.environment:checking '/home/cj/vrx_ws/install/lib'
[0.527s] Level 1:colcon.colcon_core.shell:create_environment_hook('vrx_gazebo', 'ld_library_path_lib')
[0.527s] INFO:colcon.colcon_core.shell:Creating environment hook '/home/cj/vrx_ws/install/share/vrx_gazebo/hook/ld_library_path_lib.ps1'
[0.527s] INFO:colcon.colcon_core.shell:Creating environment descriptor '/home/cj/vrx_ws/install/share/vrx_gazebo/hook/ld_library_path_lib.dsv'
[0.527s] INFO:colcon.colcon_core.shell:Creating environment hook '/home/cj/vrx_ws/install/share/vrx_gazebo/hook/ld_library_path_lib.sh'
[0.528s] Level 1:colcon.colcon_core.environment:checking '/home/cj/vrx_ws/install/bin'
[0.528s] Level 1:colcon.colcon_core.environment:checking '/home/cj/vrx_ws/install/lib/pkgconfig/vrx_gazebo.pc'
[0.528s] Level 1:colcon.colcon_core.environment:checking '/home/cj/vrx_ws/install/lib/python3.10/site-packages'
[0.528s] Level 1:colcon.colcon_core.environment:checking '/home/cj/vrx_ws/install/bin'
[0.528s] INFO:colcon.colcon_core.shell:Creating package script '/home/cj/vrx_ws/install/share/vrx_gazebo/package.ps1'
[0.528s] INFO:colcon.colcon_core.shell:Creating package descriptor '/home/cj/vrx_ws/install/share/vrx_gazebo/package.dsv'
[0.529s] INFO:colcon.colcon_core.shell:Creating package script '/home/cj/vrx_ws/install/share/vrx_gazebo/package.sh'
[0.529s] INFO:colcon.colcon_core.shell:Creating package script '/home/cj/vrx_ws/install/share/vrx_gazebo/package.bash'
[0.529s] INFO:colcon.colcon_core.shell:Creating package script '/home/cj/vrx_ws/install/share/vrx_gazebo/package.zsh'
[0.529s] Level 1:colcon.colcon_core.environment:create_file_with_runtime_dependencies(/home/cj/vrx_ws/install/share/colcon-core/packages/vrx_gazebo)
[0.529s] Level 1:colcon.colcon_core.environment:create_environment_scripts_only(vrx_gazebo)
[0.530s] Level 1:colcon.colcon_core.environment:checking '/home/cj/vrx_ws/install' for CMake module files
[0.530s] Level 1:colcon.colcon_core.environment:checking '/home/cj/vrx_ws/install' for CMake config files
[0.530s] Level 1:colcon.colcon_core.shell:create_environment_hook('vrx_gazebo', 'cmake_prefix_path')
[0.530s] INFO:colcon.colcon_core.shell:Creating environment hook '/home/cj/vrx_ws/install/share/vrx_gazebo/hook/cmake_prefix_path.ps1'
[0.530s] INFO:colcon.colcon_core.shell:Creating environment descriptor '/home/cj/vrx_ws/install/share/vrx_gazebo/hook/cmake_prefix_path.dsv'
[0.531s] INFO:colcon.colcon_core.shell:Creating environment hook '/home/cj/vrx_ws/install/share/vrx_gazebo/hook/cmake_prefix_path.sh'
[0.531s] Level 1:colcon.colcon_core.environment:checking '/home/cj/vrx_ws/install/lib'
[0.531s] Level 1:colcon.colcon_core.shell:create_environment_hook('vrx_gazebo', 'ld_library_path_lib')
[0.531s] INFO:colcon.colcon_core.shell:Creating environment hook '/home/cj/vrx_ws/install/share/vrx_gazebo/hook/ld_library_path_lib.ps1'
[0.531s] INFO:colcon.colcon_core.shell:Creating environment descriptor '/home/cj/vrx_ws/install/share/vrx_gazebo/hook/ld_library_path_lib.dsv'
[0.531s] INFO:colcon.colcon_core.shell:Creating environment hook '/home/cj/vrx_ws/install/share/vrx_gazebo/hook/ld_library_path_lib.sh'
[0.532s] Level 1:colcon.colcon_core.environment:checking '/home/cj/vrx_ws/install/bin'
[0.532s] Level 1:colcon.colcon_core.environment:checking '/home/cj/vrx_ws/install/lib/pkgconfig/vrx_gazebo.pc'
[0.532s] Level 1:colcon.colcon_core.environment:checking '/home/cj/vrx_ws/install/lib/python3.10/site-packages'
[0.532s] Level 1:colcon.colcon_core.environment:checking '/home/cj/vrx_ws/install/bin'
[0.532s] INFO:colcon.colcon_core.shell:Creating package script '/home/cj/vrx_ws/install/share/vrx_gazebo/package.ps1'
[0.532s] INFO:colcon.colcon_core.shell:Creating package descriptor '/home/cj/vrx_ws/install/share/vrx_gazebo/package.dsv'
[0.533s] INFO:colcon.colcon_core.shell:Creating package script '/home/cj/vrx_ws/install/share/vrx_gazebo/package.sh'
[0.533s] INFO:colcon.colcon_core.shell:Creating package script '/home/cj/vrx_ws/install/share/vrx_gazebo/package.bash'
[0.533s] INFO:colcon.colcon_core.shell:Creating package script '/home/cj/vrx_ws/install/share/vrx_gazebo/package.zsh'
[0.533s] Level 1:colcon.colcon_core.environment:create_file_with_runtime_dependencies(/home/cj/vrx_ws/install/share/colcon-core/packages/vrx_gazebo)
[0.533s] INFO:colcon.colcon_ros.task.ament_cmake.build:Building ROS package in '/home/cj/vrx_ws/src/vrx/vrx_urdf/wamv_description' with build type 'ament_cmake'
[0.534s] INFO:colcon.colcon_cmake.task.cmake.build:Building CMake package in '/home/cj/vrx_ws/src/vrx/vrx_urdf/wamv_description'
[0.534s] INFO:colcon.colcon_core.shell:Skip shell extension 'powershell' for command environment: Not usable outside of PowerShell
[0.534s] DEBUG:colcon.colcon_core.shell:Skip shell extension 'dsv' for command environment
[0.541s] DEBUG:colcon.colcon_core.event_handler.log_command:Invoking command in '/home/cj/vrx_ws/build/wamv_description': CMAKE_PREFIX_PATH=${CMAKE_PREFIX_PATH}:/home/cj/ros2_ws/install/launch_testing_examples:/home/cj/ros2_ws/install/examples_rclpy_pointcloud_publisher:/home/cj/ros2_ws/install/examples_rclpy_minimal_subscriber:/home/cj/ros2_ws/install/examples_rclpy_minimal_service:/home/cj/ros2_ws/install/examples_rclpy_minimal_publisher:/home/cj/ros2_ws/install/examples_rclpy_minimal_client:/home/cj/ros2_ws/install/examples_rclpy_minimal_action_server:/home/cj/ros2_ws/install/examples_rclpy_minimal_action_client:/home/cj/ros2_ws/install/examples_rclpy_guard_conditions:/home/cj/ros2_ws/install/examples_rclpy_executors:/opt/ros/humble GZ_SIM_RESOURCE_PATH=/home/cj/vrx_ws/install/share:${GZ_SIM_RESOURCE_PATH} /usr/bin/cmake --build /home/cj/vrx_ws/build/wamv_description -- -j16 -l16
[0.579s] DEBUG:colcon.colcon_core.event_handler.log_command:Invoked command in '/home/cj/vrx_ws/build/vrx_gz' returned '0': CMAKE_PREFIX_PATH=${CMAKE_PREFIX_PATH}:/home/cj/ros2_ws/install/launch_testing_examples:/home/cj/ros2_ws/install/examples_rclpy_pointcloud_publisher:/home/cj/ros2_ws/install/examples_rclpy_minimal_subscriber:/home/cj/ros2_ws/install/examples_rclpy_minimal_service:/home/cj/ros2_ws/install/examples_rclpy_minimal_publisher:/home/cj/ros2_ws/install/examples_rclpy_minimal_client:/home/cj/ros2_ws/install/examples_rclpy_minimal_action_server:/home/cj/ros2_ws/install/examples_rclpy_minimal_action_client:/home/cj/ros2_ws/install/examples_rclpy_guard_conditions:/home/cj/ros2_ws/install/examples_rclpy_executors:/opt/ros/humble /usr/bin/cmake --build /home/cj/vrx_ws/build/vrx_gz -- -j16 -l16
[0.580s] DEBUG:colcon.colcon_core.event_handler.log_command:Invoking command in '/home/cj/vrx_ws/build/vrx_gz': CMAKE_PREFIX_PATH=${CMAKE_PREFIX_PATH}:/home/cj/ros2_ws/install/launch_testing_examples:/home/cj/ros2_ws/install/examples_rclpy_pointcloud_publisher:/home/cj/ros2_ws/install/examples_rclpy_minimal_subscriber:/home/cj/ros2_ws/install/examples_rclpy_minimal_service:/home/cj/ros2_ws/install/examples_rclpy_minimal_publisher:/home/cj/ros2_ws/install/examples_rclpy_minimal_client:/home/cj/ros2_ws/install/examples_rclpy_minimal_action_server:/home/cj/ros2_ws/install/examples_rclpy_minimal_action_client:/home/cj/ros2_ws/install/examples_rclpy_guard_conditions:/home/cj/ros2_ws/install/examples_rclpy_executors:/opt/ros/humble /usr/bin/cmake --install /home/cj/vrx_ws/build/vrx_gz
[0.584s] DEBUG:colcon.colcon_core.event_handler.log_command:Invoked command in '/home/cj/vrx_ws/build/wamv_description' returned '0': CMAKE_PREFIX_PATH=${CMAKE_PREFIX_PATH}:/home/cj/ros2_ws/install/launch_testing_examples:/home/cj/ros2_ws/install/examples_rclpy_pointcloud_publisher:/home/cj/ros2_ws/install/examples_rclpy_minimal_subscriber:/home/cj/ros2_ws/install/examples_rclpy_minimal_service:/home/cj/ros2_ws/install/examples_rclpy_minimal_publisher:/home/cj/ros2_ws/install/examples_rclpy_minimal_client:/home/cj/ros2_ws/install/examples_rclpy_minimal_action_server:/home/cj/ros2_ws/install/examples_rclpy_minimal_action_client:/home/cj/ros2_ws/install/examples_rclpy_guard_conditions:/home/cj/ros2_ws/install/examples_rclpy_executors:/opt/ros/humble GZ_SIM_RESOURCE_PATH=/home/cj/vrx_ws/install/share:${GZ_SIM_RESOURCE_PATH} /usr/bin/cmake --build /home/cj/vrx_ws/build/wamv_description -- -j16 -l16
[0.585s] DEBUG:colcon.colcon_core.event_handler.log_command:Invoking command in '/home/cj/vrx_ws/build/wamv_description': CMAKE_PREFIX_PATH=${CMAKE_PREFIX_PATH}:/home/cj/ros2_ws/install/launch_testing_examples:/home/cj/ros2_ws/install/examples_rclpy_pointcloud_publisher:/home/cj/ros2_ws/install/examples_rclpy_minimal_subscriber:/home/cj/ros2_ws/install/examples_rclpy_minimal_service:/home/cj/ros2_ws/install/examples_rclpy_minimal_publisher:/home/cj/ros2_ws/install/examples_rclpy_minimal_client:/home/cj/ros2_ws/install/examples_rclpy_minimal_action_server:/home/cj/ros2_ws/install/examples_rclpy_minimal_action_client:/home/cj/ros2_ws/install/examples_rclpy_guard_conditions:/home/cj/ros2_ws/install/examples_rclpy_executors:/opt/ros/humble GZ_SIM_RESOURCE_PATH=/home/cj/vrx_ws/install/share:${GZ_SIM_RESOURCE_PATH} /usr/bin/cmake --install /home/cj/vrx_ws/build/wamv_description
[0.594s] Level 1:colcon.colcon_core.environment:create_environment_scripts_only(wamv_description)
[0.594s] DEBUG:colcon.colcon_core.event_handler.log_command:Invoked command in '/home/cj/vrx_ws/build/wamv_description' returned '0': CMAKE_PREFIX_PATH=${CMAKE_PREFIX_PATH}:/home/cj/ros2_ws/install/launch_testing_examples:/home/cj/ros2_ws/install/examples_rclpy_pointcloud_publisher:/home/cj/ros2_ws/install/examples_rclpy_minimal_subscriber:/home/cj/ros2_ws/install/examples_rclpy_minimal_service:/home/cj/ros2_ws/install/examples_rclpy_minimal_publisher:/home/cj/ros2_ws/install/examples_rclpy_minimal_client:/home/cj/ros2_ws/install/examples_rclpy_minimal_action_server:/home/cj/ros2_ws/install/examples_rclpy_minimal_action_client:/home/cj/ros2_ws/install/examples_rclpy_guard_conditions:/home/cj/ros2_ws/install/examples_rclpy_executors:/opt/ros/humble GZ_SIM_RESOURCE_PATH=/home/cj/vrx_ws/install/share:${GZ_SIM_RESOURCE_PATH} /usr/bin/cmake --install /home/cj/vrx_ws/build/wamv_description
[0.595s] Level 1:colcon.colcon_core.environment:checking '/home/cj/vrx_ws/install' for CMake module files
[0.595s] Level 1:colcon.colcon_core.environment:checking '/home/cj/vrx_ws/install' for CMake config files
[0.595s] Level 1:colcon.colcon_core.shell:create_environment_hook('wamv_description', 'cmake_prefix_path')
[0.596s] INFO:colcon.colcon_core.shell:Creating environment hook '/home/cj/vrx_ws/install/share/wamv_description/hook/cmake_prefix_path.ps1'
[0.596s] INFO:colcon.colcon_core.shell:Creating environment descriptor '/home/cj/vrx_ws/install/share/wamv_description/hook/cmake_prefix_path.dsv'
[0.596s] INFO:colcon.colcon_core.shell:Creating environment hook '/home/cj/vrx_ws/install/share/wamv_description/hook/cmake_prefix_path.sh'
[0.596s] Level 1:colcon.colcon_core.environment:checking '/home/cj/vrx_ws/install/lib'
[0.596s] Level 1:colcon.colcon_core.shell:create_environment_hook('wamv_description', 'ld_library_path_lib')
[0.597s] INFO:colcon.colcon_core.shell:Creating environment hook '/home/cj/vrx_ws/install/share/wamv_description/hook/ld_library_path_lib.ps1'
[0.597s] INFO:colcon.colcon_core.shell:Creating environment descriptor '/home/cj/vrx_ws/install/share/wamv_description/hook/ld_library_path_lib.dsv'
[0.597s] INFO:colcon.colcon_core.shell:Creating environment hook '/home/cj/vrx_ws/install/share/wamv_description/hook/ld_library_path_lib.sh'
[0.597s] Level 1:colcon.colcon_core.environment:checking '/home/cj/vrx_ws/install/bin'
[0.597s] Level 1:colcon.colcon_core.environment:checking '/home/cj/vrx_ws/install/lib/pkgconfig/wamv_description.pc'
[0.597s] Level 1:colcon.colcon_core.environment:checking '/home/cj/vrx_ws/install/lib/python3.10/site-packages'
[0.597s] Level 1:colcon.colcon_core.environment:checking '/home/cj/vrx_ws/install/bin'
[0.598s] INFO:colcon.colcon_core.shell:Creating package script '/home/cj/vrx_ws/install/share/wamv_description/package.ps1'
[0.598s] INFO:colcon.colcon_core.shell:Creating package descriptor '/home/cj/vrx_ws/install/share/wamv_description/package.dsv'
[0.598s] INFO:colcon.colcon_core.shell:Creating package script '/home/cj/vrx_ws/install/share/wamv_description/package.sh'
[0.598s] INFO:colcon.colcon_core.shell:Creating package script '/home/cj/vrx_ws/install/share/wamv_description/package.bash'
[0.598s] INFO:colcon.colcon_core.shell:Creating package script '/home/cj/vrx_ws/install/share/wamv_description/package.zsh'
[0.599s] Level 1:colcon.colcon_core.environment:create_file_with_runtime_dependencies(/home/cj/vrx_ws/install/share/colcon-core/packages/wamv_description)
[0.599s] Level 1:colcon.colcon_core.environment:create_environment_scripts_only(wamv_description)
[0.599s] Level 1:colcon.colcon_core.environment:checking '/home/cj/vrx_ws/install' for CMake module files
[0.599s] Level 1:colcon.colcon_core.environment:checking '/home/cj/vrx_ws/install' for CMake config files
[0.599s] Level 1:colcon.colcon_core.shell:create_environment_hook('wamv_description', 'cmake_prefix_path')
[0.600s] INFO:colcon.colcon_core.shell:Creating environment hook '/home/cj/vrx_ws/install/share/wamv_description/hook/cmake_prefix_path.ps1'
[0.600s] INFO:colcon.colcon_core.shell:Creating environment descriptor '/home/cj/vrx_ws/install/share/wamv_description/hook/cmake_prefix_path.dsv'
[0.600s] INFO:colcon.colcon_core.shell:Creating environment hook '/home/cj/vrx_ws/install/share/wamv_description/hook/cmake_prefix_path.sh'
[0.600s] Level 1:colcon.colcon_core.environment:checking '/home/cj/vrx_ws/install/lib'
[0.600s] Level 1:colcon.colcon_core.shell:create_environment_hook('wamv_description', 'ld_library_path_lib')
[0.600s] INFO:colcon.colcon_core.shell:Creating environment hook '/home/cj/vrx_ws/install/share/wamv_description/hook/ld_library_path_lib.ps1'
[0.601s] INFO:colcon.colcon_core.shell:Creating environment descriptor '/home/cj/vrx_ws/install/share/wamv_description/hook/ld_library_path_lib.dsv'
[0.601s] INFO:colcon.colcon_core.shell:Creating environment hook '/home/cj/vrx_ws/install/share/wamv_description/hook/ld_library_path_lib.sh'
[0.601s] Level 1:colcon.colcon_core.environment:checking '/home/cj/vrx_ws/install/bin'
[0.601s] Level 1:colcon.colcon_core.environment:checking '/home/cj/vrx_ws/install/lib/pkgconfig/wamv_description.pc'
[0.601s] Level 1:colcon.colcon_core.environment:checking '/home/cj/vrx_ws/install/lib/python3.10/site-packages'
[0.601s] Level 1:colcon.colcon_core.environment:checking '/home/cj/vrx_ws/install/bin'
[0.602s] INFO:colcon.colcon_core.shell:Creating package script '/home/cj/vrx_ws/install/share/wamv_description/package.ps1'
[0.602s] INFO:colcon.colcon_core.shell:Creating package descriptor '/home/cj/vrx_ws/install/share/wamv_description/package.dsv'
[0.602s] INFO:colcon.colcon_core.shell:Creating package script '/home/cj/vrx_ws/install/share/wamv_description/package.sh'
[0.602s] INFO:colcon.colcon_core.shell:Creating package script '/home/cj/vrx_ws/install/share/wamv_description/package.bash'
[0.603s] INFO:colcon.colcon_core.shell:Creating package script '/home/cj/vrx_ws/install/share/wamv_description/package.zsh'
[0.603s] Level 1:colcon.colcon_core.environment:create_file_with_runtime_dependencies(/home/cj/vrx_ws/install/share/colcon-core/packages/wamv_description)
[0.603s] INFO:colcon.colcon_ros.task.ament_cmake.build:Building ROS package in '/home/cj/vrx_ws/src/vrx/vrx_urdf/wamv_gazebo' with build type 'ament_cmake'
[0.603s] INFO:colcon.colcon_cmake.task.cmake.build:Building CMake package in '/home/cj/vrx_ws/src/vrx/vrx_urdf/wamv_gazebo'
[0.603s] INFO:colcon.colcon_core.shell:Skip shell extension 'powershell' for command environment: Not usable outside of PowerShell
[0.603s] DEBUG:colcon.colcon_core.shell:Skip shell extension 'dsv' for command environment
[0.611s] DEBUG:colcon.colcon_core.event_handler.log_command:Invoking command in '/home/cj/vrx_ws/build/wamv_gazebo': CMAKE_PREFIX_PATH=${CMAKE_PREFIX_PATH}:/home/cj/ros2_ws/install/launch_testing_examples:/home/cj/ros2_ws/install/examples_rclpy_pointcloud_publisher:/home/cj/ros2_ws/install/examples_rclpy_minimal_subscriber:/home/cj/ros2_ws/install/examples_rclpy_minimal_service:/home/cj/ros2_ws/install/examples_rclpy_minimal_publisher:/home/cj/ros2_ws/install/examples_rclpy_minimal_client:/home/cj/ros2_ws/install/examples_rclpy_minimal_action_server:/home/cj/ros2_ws/install/examples_rclpy_minimal_action_client:/home/cj/ros2_ws/install/examples_rclpy_guard_conditions:/home/cj/ros2_ws/install/examples_rclpy_executors:/opt/ros/humble GZ_SIM_RESOURCE_PATH=/home/cj/vrx_ws/install/share:${GZ_SIM_RESOURCE_PATH} /usr/bin/cmake --build /home/cj/vrx_ws/build/wamv_gazebo -- -j16 -l16
[0.620s] Level 1:colcon.colcon_core.environment:create_environment_scripts_only(vrx_gz)
[0.620s] Level 1:colcon.colcon_core.environment:checking '/home/cj/vrx_ws/install' for CMake module files
[0.622s] Level 1:colcon.colcon_core.environment:checking '/home/cj/vrx_ws/install' for CMake config files
[0.625s] DEBUG:colcon.colcon_core.event_handler.log_command:Invoked command in '/home/cj/vrx_ws/build/vrx_gz' returned '0': CMAKE_PREFIX_PATH=${CMAKE_PREFIX_PATH}:/home/cj/ros2_ws/install/launch_testing_examples:/home/cj/ros2_ws/install/examples_rclpy_pointcloud_publisher:/home/cj/ros2_ws/install/examples_rclpy_minimal_subscriber:/home/cj/ros2_ws/install/examples_rclpy_minimal_service:/home/cj/ros2_ws/install/examples_rclpy_minimal_publisher:/home/cj/ros2_ws/install/examples_rclpy_minimal_client:/home/cj/ros2_ws/install/examples_rclpy_minimal_action_server:/home/cj/ros2_ws/install/examples_rclpy_minimal_action_client:/home/cj/ros2_ws/install/examples_rclpy_guard_conditions:/home/cj/ros2_ws/install/examples_rclpy_executors:/opt/ros/humble /usr/bin/cmake --install /home/cj/vrx_ws/build/vrx_gz
[0.625s] Level 1:colcon.colcon_core.shell:create_environment_hook('vrx_gz', 'cmake_prefix_path')
[0.625s] INFO:colcon.colcon_core.shell:Creating environment hook '/home/cj/vrx_ws/install/share/vrx_gz/hook/cmake_prefix_path.ps1'
[0.626s] INFO:colcon.colcon_core.shell:Creating environment descriptor '/home/cj/vrx_ws/install/share/vrx_gz/hook/cmake_prefix_path.dsv'
[0.626s] INFO:colcon.colcon_core.shell:Creating environment hook '/home/cj/vrx_ws/install/share/vrx_gz/hook/cmake_prefix_path.sh'
[0.626s] Level 1:colcon.colcon_core.environment:checking '/home/cj/vrx_ws/install/lib'
[0.626s] Level 1:colcon.colcon_core.shell:create_environment_hook('vrx_gz', 'ld_library_path_lib')
[0.626s] INFO:colcon.colcon_core.shell:Creating environment hook '/home/cj/vrx_ws/install/share/vrx_gz/hook/ld_library_path_lib.ps1'
[0.627s] INFO:colcon.colcon_core.shell:Creating environment descriptor '/home/cj/vrx_ws/install/share/vrx_gz/hook/ld_library_path_lib.dsv'
[0.627s] INFO:colcon.colcon_core.shell:Creating environment hook '/home/cj/vrx_ws/install/share/vrx_gz/hook/ld_library_path_lib.sh'
[0.627s] Level 1:colcon.colcon_core.environment:checking '/home/cj/vrx_ws/install/bin'
[0.627s] Level 1:colcon.colcon_core.environment:checking '/home/cj/vrx_ws/install/lib/pkgconfig/vrx_gz.pc'
[0.627s] Level 1:colcon.colcon_core.environment:checking '/home/cj/vrx_ws/install/lib/python3.10/site-packages'
[0.627s] Level 1:colcon.colcon_core.environment:checking '/home/cj/vrx_ws/install/bin'
[0.628s] INFO:colcon.colcon_core.shell:Creating package script '/home/cj/vrx_ws/install/share/vrx_gz/package.ps1'
[0.628s] INFO:colcon.colcon_core.shell:Creating package descriptor '/home/cj/vrx_ws/install/share/vrx_gz/package.dsv'
[0.628s] INFO:colcon.colcon_core.shell:Creating package script '/home/cj/vrx_ws/install/share/vrx_gz/package.sh'
[0.628s] INFO:colcon.colcon_core.shell:Creating package script '/home/cj/vrx_ws/install/share/vrx_gz/package.bash'
[0.629s] INFO:colcon.colcon_core.shell:Creating package script '/home/cj/vrx_ws/install/share/vrx_gz/package.zsh'
[0.629s] Level 1:colcon.colcon_core.environment:create_file_with_runtime_dependencies(/home/cj/vrx_ws/install/share/colcon-core/packages/vrx_gz)
[0.629s] Level 1:colcon.colcon_core.environment:create_environment_scripts_only(vrx_gz)
[0.629s] Level 1:colcon.colcon_core.environment:checking '/home/cj/vrx_ws/install' for CMake module files
[0.629s] Level 1:colcon.colcon_core.environment:checking '/home/cj/vrx_ws/install' for CMake config files
[0.630s] Level 1:colcon.colcon_core.shell:create_environment_hook('vrx_gz', 'cmake_prefix_path')
[0.630s] INFO:colcon.colcon_core.shell:Creating environment hook '/home/cj/vrx_ws/install/share/vrx_gz/hook/cmake_prefix_path.ps1'
[0.630s] INFO:colcon.colcon_core.shell:Creating environment descriptor '/home/cj/vrx_ws/install/share/vrx_gz/hook/cmake_prefix_path.dsv'
[0.630s] INFO:colcon.colcon_core.shell:Creating environment hook '/home/cj/vrx_ws/install/share/vrx_gz/hook/cmake_prefix_path.sh'
[0.631s] Level 1:colcon.colcon_core.environment:checking '/home/cj/vrx_ws/install/lib'
[0.631s] Level 1:colcon.colcon_core.shell:create_environment_hook('vrx_gz', 'ld_library_path_lib')
[0.631s] INFO:colcon.colcon_core.shell:Creating environment hook '/home/cj/vrx_ws/install/share/vrx_gz/hook/ld_library_path_lib.ps1'
[0.631s] INFO:colcon.colcon_core.shell:Creating environment descriptor '/home/cj/vrx_ws/install/share/vrx_gz/hook/ld_library_path_lib.dsv'
[0.631s] INFO:colcon.colcon_core.shell:Creating environment hook '/home/cj/vrx_ws/install/share/vrx_gz/hook/ld_library_path_lib.sh'
[0.631s] Level 1:colcon.colcon_core.environment:checking '/home/cj/vrx_ws/install/bin'
[0.631s] Level 1:colcon.colcon_core.environment:checking '/home/cj/vrx_ws/install/lib/pkgconfig/vrx_gz.pc'
[0.631s] Level 1:colcon.colcon_core.environment:checking '/home/cj/vrx_ws/install/lib/python3.10/site-packages'
[0.632s] Level 1:colcon.colcon_core.environment:checking '/home/cj/vrx_ws/install/bin'
[0.632s] INFO:colcon.colcon_core.shell:Creating package script '/home/cj/vrx_ws/install/share/vrx_gz/package.ps1'
[0.632s] INFO:colcon.colcon_core.shell:Creating package descriptor '/home/cj/vrx_ws/install/share/vrx_gz/package.dsv'
[0.632s] INFO:colcon.colcon_core.shell:Creating package script '/home/cj/vrx_ws/install/share/vrx_gz/package.sh'
[0.633s] INFO:colcon.colcon_core.shell:Creating package script '/home/cj/vrx_ws/install/share/vrx_gz/package.bash'
[0.633s] INFO:colcon.colcon_core.shell:Creating package script '/home/cj/vrx_ws/install/share/vrx_gz/package.zsh'
[0.633s] Level 1:colcon.colcon_core.environment:create_file_with_runtime_dependencies(/home/cj/vrx_ws/install/share/colcon-core/packages/vrx_gz)
[0.637s] DEBUG:colcon.colcon_core.event_handler.log_command:Invoked command in '/home/cj/vrx_ws/build/wamv_gazebo' returned '0': CMAKE_PREFIX_PATH=${CMAKE_PREFIX_PATH}:/home/cj/ros2_ws/install/launch_testing_examples:/home/cj/ros2_ws/install/examples_rclpy_pointcloud_publisher:/home/cj/ros2_ws/install/examples_rclpy_minimal_subscriber:/home/cj/ros2_ws/install/examples_rclpy_minimal_service:/home/cj/ros2_ws/install/examples_rclpy_minimal_publisher:/home/cj/ros2_ws/install/examples_rclpy_minimal_client:/home/cj/ros2_ws/install/examples_rclpy_minimal_action_server:/home/cj/ros2_ws/install/examples_rclpy_minimal_action_client:/home/cj/ros2_ws/install/examples_rclpy_guard_conditions:/home/cj/ros2_ws/install/examples_rclpy_executors:/opt/ros/humble GZ_SIM_RESOURCE_PATH=/home/cj/vrx_ws/install/share:${GZ_SIM_RESOURCE_PATH} /usr/bin/cmake --build /home/cj/vrx_ws/build/wamv_gazebo -- -j16 -l16
[0.638s] DEBUG:colcon.colcon_core.event_handler.log_command:Invoking command in '/home/cj/vrx_ws/build/wamv_gazebo': CMAKE_PREFIX_PATH=${CMAKE_PREFIX_PATH}:/home/cj/ros2_ws/install/launch_testing_examples:/home/cj/ros2_ws/install/examples_rclpy_pointcloud_publisher:/home/cj/ros2_ws/install/examples_rclpy_minimal_subscriber:/home/cj/ros2_ws/install/examples_rclpy_minimal_service:/home/cj/ros2_ws/install/examples_rclpy_minimal_publisher:/home/cj/ros2_ws/install/examples_rclpy_minimal_client:/home/cj/ros2_ws/install/examples_rclpy_minimal_action_server:/home/cj/ros2_ws/install/examples_rclpy_minimal_action_client:/home/cj/ros2_ws/install/examples_rclpy_guard_conditions:/home/cj/ros2_ws/install/examples_rclpy_executors:/opt/ros/humble GZ_SIM_RESOURCE_PATH=/home/cj/vrx_ws/install/share:${GZ_SIM_RESOURCE_PATH} /usr/bin/cmake --install /home/cj/vrx_ws/build/wamv_gazebo
[0.645s] Level 1:colcon.colcon_core.environment:create_environment_scripts_only(wamv_gazebo)
[0.646s] Level 1:colcon.colcon_core.environment:checking '/home/cj/vrx_ws/install' for CMake module files
[0.646s] DEBUG:colcon.colcon_core.event_handler.log_command:Invoked command in '/home/cj/vrx_ws/build/wamv_gazebo' returned '0': CMAKE_PREFIX_PATH=${CMAKE_PREFIX_PATH}:/home/cj/ros2_ws/install/launch_testing_examples:/home/cj/ros2_ws/install/examples_rclpy_pointcloud_publisher:/home/cj/ros2_ws/install/examples_rclpy_minimal_subscriber:/home/cj/ros2_ws/install/examples_rclpy_minimal_service:/home/cj/ros2_ws/install/examples_rclpy_minimal_publisher:/home/cj/ros2_ws/install/examples_rclpy_minimal_client:/home/cj/ros2_ws/install/examples_rclpy_minimal_action_server:/home/cj/ros2_ws/install/examples_rclpy_minimal_action_client:/home/cj/ros2_ws/install/examples_rclpy_guard_conditions:/home/cj/ros2_ws/install/examples_rclpy_executors:/opt/ros/humble GZ_SIM_RESOURCE_PATH=/home/cj/vrx_ws/install/share:${GZ_SIM_RESOURCE_PATH} /usr/bin/cmake --install /home/cj/vrx_ws/build/wamv_gazebo
[0.646s] Level 1:colcon.colcon_core.environment:checking '/home/cj/vrx_ws/install' for CMake config files
[0.647s] Level 1:colcon.colcon_core.shell:create_environment_hook('wamv_gazebo', 'cmake_prefix_path')
[0.647s] INFO:colcon.colcon_core.shell:Creating environment hook '/home/cj/vrx_ws/install/share/wamv_gazebo/hook/cmake_prefix_path.ps1'
[0.647s] INFO:colcon.colcon_core.shell:Creating environment descriptor '/home/cj/vrx_ws/install/share/wamv_gazebo/hook/cmake_prefix_path.dsv'
[0.648s] INFO:colcon.colcon_core.shell:Creating environment hook '/home/cj/vrx_ws/install/share/wamv_gazebo/hook/cmake_prefix_path.sh'
[0.648s] Level 1:colcon.colcon_core.environment:checking '/home/cj/vrx_ws/install/lib'
[0.648s] Level 1:colcon.colcon_core.shell:create_environment_hook('wamv_gazebo', 'ld_library_path_lib')
[0.649s] INFO:colcon.colcon_core.shell:Creating environment hook '/home/cj/vrx_ws/install/share/wamv_gazebo/hook/ld_library_path_lib.ps1'
[0.649s] INFO:colcon.colcon_core.shell:Creating environment descriptor '/home/cj/vrx_ws/install/share/wamv_gazebo/hook/ld_library_path_lib.dsv'
[0.649s] INFO:colcon.colcon_core.shell:Creating environment hook '/home/cj/vrx_ws/install/share/wamv_gazebo/hook/ld_library_path_lib.sh'
[0.650s] Level 1:colcon.colcon_core.environment:checking '/home/cj/vrx_ws/install/bin'
[0.650s] Level 1:colcon.colcon_core.environment:checking '/home/cj/vrx_ws/install/lib/pkgconfig/wamv_gazebo.pc'
[0.650s] Level 1:colcon.colcon_core.environment:checking '/home/cj/vrx_ws/install/lib/python3.10/site-packages'
[0.650s] Level 1:colcon.colcon_core.environment:checking '/home/cj/vrx_ws/install/bin'
[0.650s] INFO:colcon.colcon_core.shell:Creating package script '/home/cj/vrx_ws/install/share/wamv_gazebo/package.ps1'
[0.651s] INFO:colcon.colcon_core.shell:Creating package descriptor '/home/cj/vrx_ws/install/share/wamv_gazebo/package.dsv'
[0.651s] INFO:colcon.colcon_core.shell:Creating package script '/home/cj/vrx_ws/install/share/wamv_gazebo/package.sh'
[0.652s] INFO:colcon.colcon_core.shell:Creating package script '/home/cj/vrx_ws/install/share/wamv_gazebo/package.bash'
[0.652s] INFO:colcon.colcon_core.shell:Creating package script '/home/cj/vrx_ws/install/share/wamv_gazebo/package.zsh'
[0.652s] Level 1:colcon.colcon_core.environment:create_file_with_runtime_dependencies(/home/cj/vrx_ws/install/share/colcon-core/packages/wamv_gazebo)
[0.652s] Level 1:colcon.colcon_core.environment:create_environment_scripts_only(wamv_gazebo)
[0.653s] Level 1:colcon.colcon_core.environment:checking '/home/cj/vrx_ws/install' for CMake module files
[0.653s] Level 1:colcon.colcon_core.environment:checking '/home/cj/vrx_ws/install' for CMake config files
[0.653s] Level 1:colcon.colcon_core.shell:create_environment_hook('wamv_gazebo', 'cmake_prefix_path')
[0.653s] INFO:colcon.colcon_core.shell:Creating environment hook '/home/cj/vrx_ws/install/share/wamv_gazebo/hook/cmake_prefix_path.ps1'
[0.654s] INFO:colcon.colcon_core.shell:Creating environment descriptor '/home/cj/vrx_ws/install/share/wamv_gazebo/hook/cmake_prefix_path.dsv'
[0.654s] INFO:colcon.colcon_core.shell:Creating environment hook '/home/cj/vrx_ws/install/share/wamv_gazebo/hook/cmake_prefix_path.sh'
[0.654s] Level 1:colcon.colcon_core.environment:checking '/home/cj/vrx_ws/install/lib'
[0.654s] Level 1:colcon.colcon_core.shell:create_environment_hook('wamv_gazebo', 'ld_library_path_lib')
[0.654s] INFO:colcon.colcon_core.shell:Creating environment hook '/home/cj/vrx_ws/install/share/wamv_gazebo/hook/ld_library_path_lib.ps1'
[0.655s] INFO:colcon.colcon_core.shell:Creating environment descriptor '/home/cj/vrx_ws/install/share/wamv_gazebo/hook/ld_library_path_lib.dsv'
[0.655s] INFO:colcon.colcon_core.shell:Creating environment hook '/home/cj/vrx_ws/install/share/wamv_gazebo/hook/ld_library_path_lib.sh'
[0.655s] Level 1:colcon.colcon_core.environment:checking '/home/cj/vrx_ws/install/bin'
[0.655s] Level 1:colcon.colcon_core.environment:checking '/home/cj/vrx_ws/install/lib/pkgconfig/wamv_gazebo.pc'
[0.655s] Level 1:colcon.colcon_core.environment:checking '/home/cj/vrx_ws/install/lib/python3.10/site-packages'
[0.655s] Level 1:colcon.colcon_core.environment:checking '/home/cj/vrx_ws/install/bin'
[0.656s] INFO:colcon.colcon_core.shell:Creating package script '/home/cj/vrx_ws/install/share/wamv_gazebo/package.ps1'
[0.656s] INFO:colcon.colcon_core.shell:Creating package descriptor '/home/cj/vrx_ws/install/share/wamv_gazebo/package.dsv'
[0.656s] INFO:colcon.colcon_core.shell:Creating package script '/home/cj/vrx_ws/install/share/wamv_gazebo/package.sh'
[0.657s] INFO:colcon.colcon_core.shell:Creating package script '/home/cj/vrx_ws/install/share/wamv_gazebo/package.bash'
[0.657s] INFO:colcon.colcon_core.shell:Creating package script '/home/cj/vrx_ws/install/share/wamv_gazebo/package.zsh'
[0.657s] Level 1:colcon.colcon_core.environment:create_file_with_runtime_dependencies(/home/cj/vrx_ws/install/share/colcon-core/packages/wamv_gazebo)
[0.657s] DEBUG:colcon.colcon_parallel_executor.executor.parallel:closing loop
[0.658s] DEBUG:colcon.colcon_parallel_executor.executor.parallel:loop closed
[0.658s] DEBUG:colcon.colcon_parallel_executor.executor.parallel:run_until_complete finished with '0'
[0.658s] DEBUG:colcon.colcon_core.event_reactor:joining thread
[0.664s] INFO:colcon.colcon_core.plugin_system:Skipping extension 'colcon_notification.desktop_notification.terminal_notifier': Not used on non-Darwin systems
[0.664s] INFO:colcon.colcon_core.plugin_system:Skipping extension 'colcon_notification.desktop_notification.win32': Not used on non-Windows systems
[0.664s] INFO:colcon.colcon_notification.desktop_notification:Sending desktop notification using 'notify2'
[0.676s] DEBUG:colcon.colcon_core.event_reactor:joined thread
[0.676s] INFO:colcon.colcon_core.shell:Creating prefix script '/home/cj/vrx_ws/install/local_setup.ps1'
[0.677s] INFO:colcon.colcon_core.shell:Creating prefix util module '/home/cj/vrx_ws/install/_local_setup_util_ps1.py'
[0.679s] INFO:colcon.colcon_core.shell:Creating prefix chain script '/home/cj/vrx_ws/install/setup.ps1'
[0.681s] INFO:colcon.colcon_core.shell:Creating prefix script '/home/cj/vrx_ws/install/local_setup.sh'
[0.681s] INFO:colcon.colcon_core.shell:Creating prefix util module '/home/cj/vrx_ws/install/_local_setup_util_sh.py'
[0.682s] INFO:colcon.colcon_core.shell:Creating prefix chain script '/home/cj/vrx_ws/install/setup.sh'
[0.684s] INFO:colcon.colcon_core.shell:Creating prefix script '/home/cj/vrx_ws/install/local_setup.bash'
[0.684s] INFO:colcon.colcon_core.shell:Creating prefix chain script '/home/cj/vrx_ws/install/setup.bash'
[0.686s] INFO:colcon.colcon_core.shell:Creating prefix script '/home/cj/vrx_ws/install/local_setup.zsh'
[0.686s] INFO:colcon.colcon_core.shell:Creating prefix chain script '/home/cj/vrx_ws/install/setup.zsh'
