[0.009s] Invoking command in '/home/cj/vrx_ws/build/wamv_gazebo': CMAKE_PREFIX_PATH=/home/cj/ros2_ws/install/launch_testing_examples:/home/cj/ros2_ws/install/examples_rclpy_pointcloud_publisher:/home/cj/ros2_ws/install/examples_rclpy_minimal_subscriber:/home/cj/ros2_ws/install/examples_rclpy_minimal_service:/home/cj/ros2_ws/install/examples_rclpy_minimal_publisher:/home/cj/ros2_ws/install/examples_rclpy_minimal_client:/home/cj/ros2_ws/install/examples_rclpy_minimal_action_server:/home/cj/ros2_ws/install/examples_rclpy_minimal_action_client:/home/cj/ros2_ws/install/examples_rclpy_guard_conditions:/home/cj/ros2_ws/install/examples_rclpy_executors:/opt/ros/humble:${CMAKE_PREFIX_PATH} GZ_SIM_RESOURCE_PATH=/home/cj/vrx_ws/install/share:${GZ_SIM_RESOURCE_PATH} /usr/bin/cmake --build /home/cj/vrx_ws/build/wamv_gazebo -- -j16 -l16
[0.043s] Invoked command in '/home/cj/vrx_ws/build/wamv_gazebo' returned '0': CMAKE_PREFIX_PATH=/home/cj/ros2_ws/install/launch_testing_examples:/home/cj/ros2_ws/install/examples_rclpy_pointcloud_publisher:/home/cj/ros2_ws/install/examples_rclpy_minimal_subscriber:/home/cj/ros2_ws/install/examples_rclpy_minimal_service:/home/cj/ros2_ws/install/examples_rclpy_minimal_publisher:/home/cj/ros2_ws/install/examples_rclpy_minimal_client:/home/cj/ros2_ws/install/examples_rclpy_minimal_action_server:/home/cj/ros2_ws/install/examples_rclpy_minimal_action_client:/home/cj/ros2_ws/install/examples_rclpy_guard_conditions:/home/cj/ros2_ws/install/examples_rclpy_executors:/opt/ros/humble:${CMAKE_PREFIX_PATH} GZ_SIM_RESOURCE_PATH=/home/cj/vrx_ws/install/share:${GZ_SIM_RESOURCE_PATH} /usr/bin/cmake --build /home/cj/vrx_ws/build/wamv_gazebo -- -j16 -l16
[0.044s] Invoking command in '/home/cj/vrx_ws/build/wamv_gazebo': CMAKE_PREFIX_PATH=/home/cj/ros2_ws/install/launch_testing_examples:/home/cj/ros2_ws/install/examples_rclpy_pointcloud_publisher:/home/cj/ros2_ws/install/examples_rclpy_minimal_subscriber:/home/cj/ros2_ws/install/examples_rclpy_minimal_service:/home/cj/ros2_ws/install/examples_rclpy_minimal_publisher:/home/cj/ros2_ws/install/examples_rclpy_minimal_client:/home/cj/ros2_ws/install/examples_rclpy_minimal_action_server:/home/cj/ros2_ws/install/examples_rclpy_minimal_action_client:/home/cj/ros2_ws/install/examples_rclpy_guard_conditions:/home/cj/ros2_ws/install/examples_rclpy_executors:/opt/ros/humble:${CMAKE_PREFIX_PATH} GZ_SIM_RESOURCE_PATH=/home/cj/vrx_ws/install/share:${GZ_SIM_RESOURCE_PATH} /usr/bin/cmake --install /home/cj/vrx_ws/build/wamv_gazebo
[0.051s] -- Install configuration: ""
[0.051s] -- Up-to-date: /home/cj/vrx_ws/install/share/wamv_gazebo/models
[0.051s] -- Up-to-date: /home/cj/vrx_ws/install/share/wamv_gazebo/models/gps
[0.051s] -- Up-to-date: /home/cj/vrx_ws/install/share/wamv_gazebo/models/gps/mesh
[0.051s] -- Up-to-date: /home/cj/vrx_ws/install/share/wamv_gazebo/models/gps/mesh/gps.dae
[0.052s] -- Up-to-date: /home/cj/vrx_ws/install/share/wamv_gazebo/models/gps/mesh/gps.png
[0.052s] -- Up-to-date: /home/cj/vrx_ws/install/share/wamv_gazebo/models/gps/model.config
[0.052s] -- Up-to-date: /home/cj/vrx_ws/install/share/wamv_gazebo/urdf
[0.052s] -- Up-to-date: /home/cj/vrx_ws/install/share/wamv_gazebo/urdf/thruster_layouts
[0.052s] -- Up-to-date: /home/cj/vrx_ws/install/share/wamv_gazebo/urdf/thruster_layouts/wamv_x_thrusters.xacro
[0.052s] -- Up-to-date: /home/cj/vrx_ws/install/share/wamv_gazebo/urdf/thruster_layouts/wamv_aft_thrusters.xacro
[0.052s] -- Up-to-date: /home/cj/vrx_ws/install/share/wamv_gazebo/urdf/thruster_layouts/wamv_t_thrusters.xacro
[0.052s] -- Up-to-date: /home/cj/vrx_ws/install/share/wamv_gazebo/urdf/thruster_layouts/wamv_gazebo_thruster_config.xacro
[0.052s] -- Up-to-date: /home/cj/vrx_ws/install/share/wamv_gazebo/urdf/wamv_gazebo.xacro
[0.052s] -- Up-to-date: /home/cj/vrx_ws/install/share/wamv_gazebo/urdf/dynamics
[0.052s] -- Up-to-date: /home/cj/vrx_ws/install/share/wamv_gazebo/urdf/dynamics/wamv_gazebo_dynamics_plugin.xacro
[0.053s] -- Up-to-date: /home/cj/vrx_ws/install/share/wamv_gazebo/urdf/components
[0.053s] -- Up-to-date: /home/cj/vrx_ws/install/share/wamv_gazebo/urdf/components/lidar.xacro
[0.053s] -- Up-to-date: /home/cj/vrx_ws/install/share/wamv_gazebo/urdf/components/wamv_planar_lidar.xacro
[0.053s] -- Up-to-date: /home/cj/vrx_ws/install/share/wamv_gazebo/urdf/components/wamv_p3d.xacro
[0.054s] -- Up-to-date: /home/cj/vrx_ws/install/share/wamv_gazebo/urdf/components/wamv_camera.xacro
[0.054s] -- Up-to-date: /home/cj/vrx_ws/install/share/wamv_gazebo/urdf/components/wamv_imu.xacro
[0.054s] -- Up-to-date: /home/cj/vrx_ws/install/share/wamv_gazebo/urdf/components/wamv_pinger.xacro
[0.054s] -- Up-to-date: /home/cj/vrx_ws/install/share/wamv_gazebo/urdf/components/ball_shooter.xacro
[0.054s] -- Up-to-date: /home/cj/vrx_ws/install/share/wamv_gazebo/urdf/components/wamv_3d_lidar.xacro
[0.054s] -- Up-to-date: /home/cj/vrx_ws/install/share/wamv_gazebo/urdf/components/wamv_gps.xacro
[0.054s] -- Up-to-date: /home/cj/vrx_ws/install/share/wamv_gazebo/urdf/wamv_gazebo.urdf.xacro
[0.054s] -- Up-to-date: /home/cj/vrx_ws/install/share/wamv_gazebo/urdf/macros.xacro
[0.054s] -- Up-to-date: /home/cj/vrx_ws/install/share/ament_index/resource_index/package_run_dependencies/wamv_gazebo
[0.054s] -- Up-to-date: /home/cj/vrx_ws/install/share/ament_index/resource_index/parent_prefix_path/wamv_gazebo
[0.054s] -- Up-to-date: /home/cj/vrx_ws/install/share/wamv_gazebo/environment/ament_prefix_path.sh
[0.054s] -- Up-to-date: /home/cj/vrx_ws/install/share/wamv_gazebo/environment/ament_prefix_path.dsv
[0.054s] -- Up-to-date: /home/cj/vrx_ws/install/share/wamv_gazebo/environment/path.sh
[0.054s] -- Up-to-date: /home/cj/vrx_ws/install/share/wamv_gazebo/environment/path.dsv
[0.054s] -- Up-to-date: /home/cj/vrx_ws/install/share/wamv_gazebo/local_setup.bash
[0.054s] -- Up-to-date: /home/cj/vrx_ws/install/share/wamv_gazebo/local_setup.sh
[0.054s] -- Up-to-date: /home/cj/vrx_ws/install/share/wamv_gazebo/local_setup.zsh
[0.054s] -- Up-to-date: /home/cj/vrx_ws/install/share/wamv_gazebo/local_setup.dsv
[0.054s] -- Installing: /home/cj/vrx_ws/install/share/wamv_gazebo/package.dsv
[0.054s] -- Up-to-date: /home/cj/vrx_ws/install/share/ament_index/resource_index/packages/wamv_gazebo
[0.054s] -- Up-to-date: /home/cj/vrx_ws/install/share/wamv_gazebo/cmake/wamv_gazeboConfig.cmake
[0.055s] -- Up-to-date: /home/cj/vrx_ws/install/share/wamv_gazebo/cmake/wamv_gazeboConfig-version.cmake
[0.055s] -- Up-to-date: /home/cj/vrx_ws/install/share/wamv_gazebo/package.xml
[0.055s] Invoked command in '/home/cj/vrx_ws/build/wamv_gazebo' returned '0': CMAKE_PREFIX_PATH=/home/cj/ros2_ws/install/launch_testing_examples:/home/cj/ros2_ws/install/examples_rclpy_pointcloud_publisher:/home/cj/ros2_ws/install/examples_rclpy_minimal_subscriber:/home/cj/ros2_ws/install/examples_rclpy_minimal_service:/home/cj/ros2_ws/install/examples_rclpy_minimal_publisher:/home/cj/ros2_ws/install/examples_rclpy_minimal_client:/home/cj/ros2_ws/install/examples_rclpy_minimal_action_server:/home/cj/ros2_ws/install/examples_rclpy_minimal_action_client:/home/cj/ros2_ws/install/examples_rclpy_guard_conditions:/home/cj/ros2_ws/install/examples_rclpy_executors:/opt/ros/humble:${CMAKE_PREFIX_PATH} GZ_SIM_RESOURCE_PATH=/home/cj/vrx_ws/install/share:${GZ_SIM_RESOURCE_PATH} /usr/bin/cmake --install /home/cj/vrx_ws/build/wamv_gazebo
