[0.006s] Invoking command in '/home/cj/vrx_ws/build/wamv_gazebo': AMENT_PREFIX_PATH=/home/cj/vrx_ws/install:${AMENT_PREFIX_PATH} CMAKE_PREFIX_PATH=/home/cj/vrx_ws/install:/home/cj/ros2_ws/install/turtlesim:/home/cj/ros2_ws/install/examples_rclcpp_wait_set:/home/cj/ros2_ws/install/examples_rclcpp_multithreaded_executor:/home/cj/ros2_ws/install/examples_rclcpp_minimal_timer:/home/cj/ros2_ws/install/examples_rclcpp_minimal_subscriber:/home/cj/ros2_ws/install/examples_rclcpp_minimal_service:/home/cj/ros2_ws/install/examples_rclcpp_minimal_publisher:/home/cj/ros2_ws/install/examples_rclcpp_minimal_composition:/home/cj/ros2_ws/install/examples_rclcpp_minimal_client:/home/cj/ros2_ws/install/examples_rclcpp_minimal_action_server:/home/cj/ros2_ws/install/examples_rclcpp_minimal_action_client:/home/cj/ros2_ws/install/examples_rclcpp_cbg_executor:/home/cj/ros2_ws/install/examples_rclcpp_async_client:/home/cj/ros2_ws/install/launch_testing_examples:/home/cj/ros2_ws/install/examples_rclpy_pointcloud_publisher:/home/cj/ros2_ws/install/examples_rclpy_minimal_subscriber:/home/cj/ros2_ws/install/examples_rclpy_minimal_service:/home/cj/ros2_ws/install/examples_rclpy_minimal_publisher:/home/cj/ros2_ws/install/examples_rclpy_minimal_client:/home/cj/ros2_ws/install/examples_rclpy_minimal_action_server:/home/cj/ros2_ws/install/examples_rclpy_minimal_action_client:/home/cj/ros2_ws/install/examples_rclpy_guard_conditions:/home/cj/ros2_ws/install/examples_rclpy_executors:/opt/ros/humble GZ_SIM_RESOURCE_PATH=/home/cj/vrx_ws/install/share/wamv_description/models:/home/cj/vrx_ws/install/share/vrx_gazebo/models:/home/cj/vrx_ws/install/share PYTHONPATH=/home/cj/vrx_ws/install/local/lib/python3.10/dist-packages:${PYTHONPATH} /usr/bin/cmake /home/cj/vrx_ws/src/vrx/vrx_urdf/wamv_gazebo -DCMAKE_INSTALL_PREFIX=/home/cj/vrx_ws/install
[0.053s] -- The C compiler identification is GNU 11.4.0
[0.098s] -- The CXX compiler identification is GNU 11.4.0
[0.106s] -- Detecting C compiler ABI info
[0.165s] -- Detecting C compiler ABI info - done
[0.170s] -- Check for working C compiler: /usr/bin/cc - skipped
[0.171s] -- Detecting C compile features
[0.171s] -- Detecting C compile features - done
[0.173s] -- Detecting CXX compiler ABI info
[0.235s] -- Detecting CXX compiler ABI info - done
[0.243s] -- Check for working CXX compiler: /usr/bin/c++ - skipped
[0.244s] -- Detecting CXX compile features
[0.244s] -- Detecting CXX compile features - done
[0.247s] -- Found ament_cmake: 1.3.11 (/opt/ros/humble/share/ament_cmake/cmake)
[0.384s] -- Found Python3: /usr/bin/python3 (found version "3.10.12") found components: Interpreter 
[0.465s] -- Found xacro: 2.0.8 (/opt/ros/humble/share/xacro/cmake)
[0.465s] -- Found wamv_description: 1.3.0 (/home/cj/vrx_ws/install/share/wamv_description/cmake)
[0.515s] -- Configuring done
[0.516s] -- Generating done
[0.517s] -- Build files have been written to: /home/cj/vrx_ws/build/wamv_gazebo
[0.521s] Invoked command in '/home/cj/vrx_ws/build/wamv_gazebo' returned '0': AMENT_PREFIX_PATH=/home/cj/vrx_ws/install:${AMENT_PREFIX_PATH} CMAKE_PREFIX_PATH=/home/cj/vrx_ws/install:/home/cj/ros2_ws/install/turtlesim:/home/cj/ros2_ws/install/examples_rclcpp_wait_set:/home/cj/ros2_ws/install/examples_rclcpp_multithreaded_executor:/home/cj/ros2_ws/install/examples_rclcpp_minimal_timer:/home/cj/ros2_ws/install/examples_rclcpp_minimal_subscriber:/home/cj/ros2_ws/install/examples_rclcpp_minimal_service:/home/cj/ros2_ws/install/examples_rclcpp_minimal_publisher:/home/cj/ros2_ws/install/examples_rclcpp_minimal_composition:/home/cj/ros2_ws/install/examples_rclcpp_minimal_client:/home/cj/ros2_ws/install/examples_rclcpp_minimal_action_server:/home/cj/ros2_ws/install/examples_rclcpp_minimal_action_client:/home/cj/ros2_ws/install/examples_rclcpp_cbg_executor:/home/cj/ros2_ws/install/examples_rclcpp_async_client:/home/cj/ros2_ws/install/launch_testing_examples:/home/cj/ros2_ws/install/examples_rclpy_pointcloud_publisher:/home/cj/ros2_ws/install/examples_rclpy_minimal_subscriber:/home/cj/ros2_ws/install/examples_rclpy_minimal_service:/home/cj/ros2_ws/install/examples_rclpy_minimal_publisher:/home/cj/ros2_ws/install/examples_rclpy_minimal_client:/home/cj/ros2_ws/install/examples_rclpy_minimal_action_server:/home/cj/ros2_ws/install/examples_rclpy_minimal_action_client:/home/cj/ros2_ws/install/examples_rclpy_guard_conditions:/home/cj/ros2_ws/install/examples_rclpy_executors:/opt/ros/humble GZ_SIM_RESOURCE_PATH=/home/cj/vrx_ws/install/share/wamv_description/models:/home/cj/vrx_ws/install/share/vrx_gazebo/models:/home/cj/vrx_ws/install/share PYTHONPATH=/home/cj/vrx_ws/install/local/lib/python3.10/dist-packages:${PYTHONPATH} /usr/bin/cmake /home/cj/vrx_ws/src/vrx/vrx_urdf/wamv_gazebo -DCMAKE_INSTALL_PREFIX=/home/cj/vrx_ws/install
[0.521s] Invoking command in '/home/cj/vrx_ws/build/wamv_gazebo': AMENT_PREFIX_PATH=/home/cj/vrx_ws/install:${AMENT_PREFIX_PATH} CMAKE_PREFIX_PATH=/home/cj/vrx_ws/install:/home/cj/ros2_ws/install/turtlesim:/home/cj/ros2_ws/install/examples_rclcpp_wait_set:/home/cj/ros2_ws/install/examples_rclcpp_multithreaded_executor:/home/cj/ros2_ws/install/examples_rclcpp_minimal_timer:/home/cj/ros2_ws/install/examples_rclcpp_minimal_subscriber:/home/cj/ros2_ws/install/examples_rclcpp_minimal_service:/home/cj/ros2_ws/install/examples_rclcpp_minimal_publisher:/home/cj/ros2_ws/install/examples_rclcpp_minimal_composition:/home/cj/ros2_ws/install/examples_rclcpp_minimal_client:/home/cj/ros2_ws/install/examples_rclcpp_minimal_action_server:/home/cj/ros2_ws/install/examples_rclcpp_minimal_action_client:/home/cj/ros2_ws/install/examples_rclcpp_cbg_executor:/home/cj/ros2_ws/install/examples_rclcpp_async_client:/home/cj/ros2_ws/install/launch_testing_examples:/home/cj/ros2_ws/install/examples_rclpy_pointcloud_publisher:/home/cj/ros2_ws/install/examples_rclpy_minimal_subscriber:/home/cj/ros2_ws/install/examples_rclpy_minimal_service:/home/cj/ros2_ws/install/examples_rclpy_minimal_publisher:/home/cj/ros2_ws/install/examples_rclpy_minimal_client:/home/cj/ros2_ws/install/examples_rclpy_minimal_action_server:/home/cj/ros2_ws/install/examples_rclpy_minimal_action_client:/home/cj/ros2_ws/install/examples_rclpy_guard_conditions:/home/cj/ros2_ws/install/examples_rclpy_executors:/opt/ros/humble GZ_SIM_RESOURCE_PATH=/home/cj/vrx_ws/install/share/wamv_description/models:/home/cj/vrx_ws/install/share/vrx_gazebo/models:/home/cj/vrx_ws/install/share PYTHONPATH=/home/cj/vrx_ws/install/local/lib/python3.10/dist-packages:${PYTHONPATH} /usr/bin/cmake --build /home/cj/vrx_ws/build/wamv_gazebo -- -j16 -l16
[0.555s] Invoked command in '/home/cj/vrx_ws/build/wamv_gazebo' returned '0': AMENT_PREFIX_PATH=/home/cj/vrx_ws/install:${AMENT_PREFIX_PATH} CMAKE_PREFIX_PATH=/home/cj/vrx_ws/install:/home/cj/ros2_ws/install/turtlesim:/home/cj/ros2_ws/install/examples_rclcpp_wait_set:/home/cj/ros2_ws/install/examples_rclcpp_multithreaded_executor:/home/cj/ros2_ws/install/examples_rclcpp_minimal_timer:/home/cj/ros2_ws/install/examples_rclcpp_minimal_subscriber:/home/cj/ros2_ws/install/examples_rclcpp_minimal_service:/home/cj/ros2_ws/install/examples_rclcpp_minimal_publisher:/home/cj/ros2_ws/install/examples_rclcpp_minimal_composition:/home/cj/ros2_ws/install/examples_rclcpp_minimal_client:/home/cj/ros2_ws/install/examples_rclcpp_minimal_action_server:/home/cj/ros2_ws/install/examples_rclcpp_minimal_action_client:/home/cj/ros2_ws/install/examples_rclcpp_cbg_executor:/home/cj/ros2_ws/install/examples_rclcpp_async_client:/home/cj/ros2_ws/install/launch_testing_examples:/home/cj/ros2_ws/install/examples_rclpy_pointcloud_publisher:/home/cj/ros2_ws/install/examples_rclpy_minimal_subscriber:/home/cj/ros2_ws/install/examples_rclpy_minimal_service:/home/cj/ros2_ws/install/examples_rclpy_minimal_publisher:/home/cj/ros2_ws/install/examples_rclpy_minimal_client:/home/cj/ros2_ws/install/examples_rclpy_minimal_action_server:/home/cj/ros2_ws/install/examples_rclpy_minimal_action_client:/home/cj/ros2_ws/install/examples_rclpy_guard_conditions:/home/cj/ros2_ws/install/examples_rclpy_executors:/opt/ros/humble GZ_SIM_RESOURCE_PATH=/home/cj/vrx_ws/install/share/wamv_description/models:/home/cj/vrx_ws/install/share/vrx_gazebo/models:/home/cj/vrx_ws/install/share PYTHONPATH=/home/cj/vrx_ws/install/local/lib/python3.10/dist-packages:${PYTHONPATH} /usr/bin/cmake --build /home/cj/vrx_ws/build/wamv_gazebo -- -j16 -l16
[0.556s] Invoking command in '/home/cj/vrx_ws/build/wamv_gazebo': AMENT_PREFIX_PATH=/home/cj/vrx_ws/install:${AMENT_PREFIX_PATH} CMAKE_PREFIX_PATH=/home/cj/vrx_ws/install:/home/cj/ros2_ws/install/turtlesim:/home/cj/ros2_ws/install/examples_rclcpp_wait_set:/home/cj/ros2_ws/install/examples_rclcpp_multithreaded_executor:/home/cj/ros2_ws/install/examples_rclcpp_minimal_timer:/home/cj/ros2_ws/install/examples_rclcpp_minimal_subscriber:/home/cj/ros2_ws/install/examples_rclcpp_minimal_service:/home/cj/ros2_ws/install/examples_rclcpp_minimal_publisher:/home/cj/ros2_ws/install/examples_rclcpp_minimal_composition:/home/cj/ros2_ws/install/examples_rclcpp_minimal_client:/home/cj/ros2_ws/install/examples_rclcpp_minimal_action_server:/home/cj/ros2_ws/install/examples_rclcpp_minimal_action_client:/home/cj/ros2_ws/install/examples_rclcpp_cbg_executor:/home/cj/ros2_ws/install/examples_rclcpp_async_client:/home/cj/ros2_ws/install/launch_testing_examples:/home/cj/ros2_ws/install/examples_rclpy_pointcloud_publisher:/home/cj/ros2_ws/install/examples_rclpy_minimal_subscriber:/home/cj/ros2_ws/install/examples_rclpy_minimal_service:/home/cj/ros2_ws/install/examples_rclpy_minimal_publisher:/home/cj/ros2_ws/install/examples_rclpy_minimal_client:/home/cj/ros2_ws/install/examples_rclpy_minimal_action_server:/home/cj/ros2_ws/install/examples_rclpy_minimal_action_client:/home/cj/ros2_ws/install/examples_rclpy_guard_conditions:/home/cj/ros2_ws/install/examples_rclpy_executors:/opt/ros/humble GZ_SIM_RESOURCE_PATH=/home/cj/vrx_ws/install/share/wamv_description/models:/home/cj/vrx_ws/install/share/vrx_gazebo/models:/home/cj/vrx_ws/install/share PYTHONPATH=/home/cj/vrx_ws/install/local/lib/python3.10/dist-packages:${PYTHONPATH} /usr/bin/cmake --install /home/cj/vrx_ws/build/wamv_gazebo
[0.563s] -- Install configuration: ""
[0.563s] -- Installing: /home/cj/vrx_ws/install/share/wamv_gazebo/models
[0.563s] -- Installing: /home/cj/vrx_ws/install/share/wamv_gazebo/models/gps
[0.563s] -- Installing: /home/cj/vrx_ws/install/share/wamv_gazebo/models/gps/mesh
[0.563s] -- Installing: /home/cj/vrx_ws/install/share/wamv_gazebo/models/gps/mesh/gps.dae
[0.563s] -- Installing: /home/cj/vrx_ws/install/share/wamv_gazebo/models/gps/mesh/gps.png
[0.564s] -- Installing: /home/cj/vrx_ws/install/share/wamv_gazebo/models/gps/model.config
[0.564s] -- Installing: /home/cj/vrx_ws/install/share/wamv_gazebo/urdf
[0.564s] -- Installing: /home/cj/vrx_ws/install/share/wamv_gazebo/urdf/thruster_layouts
[0.564s] -- Installing: /home/cj/vrx_ws/install/share/wamv_gazebo/urdf/thruster_layouts/wamv_x_thrusters.xacro
[0.564s] -- Installing: /home/cj/vrx_ws/install/share/wamv_gazebo/urdf/thruster_layouts/wamv_aft_thrusters.xacro
[0.564s] -- Installing: /home/cj/vrx_ws/install/share/wamv_gazebo/urdf/thruster_layouts/wamv_t_thrusters.xacro
[0.564s] -- Installing: /home/cj/vrx_ws/install/share/wamv_gazebo/urdf/thruster_layouts/wamv_gazebo_thruster_config.xacro
[0.564s] -- Installing: /home/cj/vrx_ws/install/share/wamv_gazebo/urdf/wamv_gazebo.xacro
[0.564s] -- Installing: /home/cj/vrx_ws/install/share/wamv_gazebo/urdf/dynamics
[0.565s] -- Installing: /home/cj/vrx_ws/install/share/wamv_gazebo/urdf/dynamics/wamv_gazebo_dynamics_plugin.xacro
[0.565s] -- Installing: /home/cj/vrx_ws/install/share/wamv_gazebo/urdf/components
[0.565s] -- Installing: /home/cj/vrx_ws/install/share/wamv_gazebo/urdf/components/lidar.xacro
[0.565s] -- Installing: /home/cj/vrx_ws/install/share/wamv_gazebo/urdf/components/wamv_planar_lidar.xacro
[0.565s] -- Installing: /home/cj/vrx_ws/install/share/wamv_gazebo/urdf/components/wamv_p3d.xacro
[0.565s] -- Installing: /home/cj/vrx_ws/install/share/wamv_gazebo/urdf/components/wamv_camera.xacro
[0.565s] -- Installing: /home/cj/vrx_ws/install/share/wamv_gazebo/urdf/components/wamv_imu.xacro
[0.565s] -- Installing: /home/cj/vrx_ws/install/share/wamv_gazebo/urdf/components/wamv_pinger.xacro
[0.565s] -- Installing: /home/cj/vrx_ws/install/share/wamv_gazebo/urdf/components/ball_shooter.xacro
[0.565s] -- Installing: /home/cj/vrx_ws/install/share/wamv_gazebo/urdf/components/wamv_3d_lidar.xacro
[0.565s] -- Installing: /home/cj/vrx_ws/install/share/wamv_gazebo/urdf/components/wamv_gps.xacro
[0.565s] -- Installing: /home/cj/vrx_ws/install/share/wamv_gazebo/urdf/wamv_gazebo.urdf.xacro
[0.565s] -- Installing: /home/cj/vrx_ws/install/share/wamv_gazebo/urdf/macros.xacro
[0.565s] -- Installing: /home/cj/vrx_ws/install/share/ament_index/resource_index/package_run_dependencies/wamv_gazebo
[0.565s] -- Installing: /home/cj/vrx_ws/install/share/ament_index/resource_index/parent_prefix_path/wamv_gazebo
[0.565s] -- Installing: /home/cj/vrx_ws/install/share/wamv_gazebo/environment/ament_prefix_path.sh
[0.565s] -- Installing: /home/cj/vrx_ws/install/share/wamv_gazebo/environment/ament_prefix_path.dsv
[0.566s] -- Installing: /home/cj/vrx_ws/install/share/wamv_gazebo/environment/path.sh
[0.566s] -- Installing: /home/cj/vrx_ws/install/share/wamv_gazebo/environment/path.dsv
[0.566s] -- Installing: /home/cj/vrx_ws/install/share/wamv_gazebo/local_setup.bash
[0.566s] -- Installing: /home/cj/vrx_ws/install/share/wamv_gazebo/local_setup.sh
[0.566s] -- Installing: /home/cj/vrx_ws/install/share/wamv_gazebo/local_setup.zsh
[0.566s] -- Installing: /home/cj/vrx_ws/install/share/wamv_gazebo/local_setup.dsv
[0.566s] -- Installing: /home/cj/vrx_ws/install/share/wamv_gazebo/package.dsv
[0.566s] -- Installing: /home/cj/vrx_ws/install/share/ament_index/resource_index/packages/wamv_gazebo
[0.566s] -- Installing: /home/cj/vrx_ws/install/share/wamv_gazebo/cmake/wamv_gazeboConfig.cmake
[0.566s] -- Installing: /home/cj/vrx_ws/install/share/wamv_gazebo/cmake/wamv_gazeboConfig-version.cmake
[0.566s] -- Installing: /home/cj/vrx_ws/install/share/wamv_gazebo/package.xml
[0.567s] Invoked command in '/home/cj/vrx_ws/build/wamv_gazebo' returned '0': AMENT_PREFIX_PATH=/home/cj/vrx_ws/install:${AMENT_PREFIX_PATH} CMAKE_PREFIX_PATH=/home/cj/vrx_ws/install:/home/cj/ros2_ws/install/turtlesim:/home/cj/ros2_ws/install/examples_rclcpp_wait_set:/home/cj/ros2_ws/install/examples_rclcpp_multithreaded_executor:/home/cj/ros2_ws/install/examples_rclcpp_minimal_timer:/home/cj/ros2_ws/install/examples_rclcpp_minimal_subscriber:/home/cj/ros2_ws/install/examples_rclcpp_minimal_service:/home/cj/ros2_ws/install/examples_rclcpp_minimal_publisher:/home/cj/ros2_ws/install/examples_rclcpp_minimal_composition:/home/cj/ros2_ws/install/examples_rclcpp_minimal_client:/home/cj/ros2_ws/install/examples_rclcpp_minimal_action_server:/home/cj/ros2_ws/install/examples_rclcpp_minimal_action_client:/home/cj/ros2_ws/install/examples_rclcpp_cbg_executor:/home/cj/ros2_ws/install/examples_rclcpp_async_client:/home/cj/ros2_ws/install/launch_testing_examples:/home/cj/ros2_ws/install/examples_rclpy_pointcloud_publisher:/home/cj/ros2_ws/install/examples_rclpy_minimal_subscriber:/home/cj/ros2_ws/install/examples_rclpy_minimal_service:/home/cj/ros2_ws/install/examples_rclpy_minimal_publisher:/home/cj/ros2_ws/install/examples_rclpy_minimal_client:/home/cj/ros2_ws/install/examples_rclpy_minimal_action_server:/home/cj/ros2_ws/install/examples_rclpy_minimal_action_client:/home/cj/ros2_ws/install/examples_rclpy_guard_conditions:/home/cj/ros2_ws/install/examples_rclpy_executors:/opt/ros/humble GZ_SIM_RESOURCE_PATH=/home/cj/vrx_ws/install/share/wamv_description/models:/home/cj/vrx_ws/install/share/vrx_gazebo/models:/home/cj/vrx_ws/install/share PYTHONPATH=/home/cj/vrx_ws/install/local/lib/python3.10/dist-packages:${PYTHONPATH} /usr/bin/cmake --install /home/cj/vrx_ws/build/wamv_gazebo
