[0.006s] Invoking command in '/home/cj/vrx_ws/build/wamv_description': AMENT_PREFIX_PATH=/home/cj/vrx_ws/install:${AMENT_PREFIX_PATH} CMAKE_PREFIX_PATH=/home/cj/vrx_ws/install:/home/cj/ros2_ws/install/turtlesim:/home/cj/ros2_ws/install/examples_rclcpp_wait_set:/home/cj/ros2_ws/install/examples_rclcpp_multithreaded_executor:/home/cj/ros2_ws/install/examples_rclcpp_minimal_timer:/home/cj/ros2_ws/install/examples_rclcpp_minimal_subscriber:/home/cj/ros2_ws/install/examples_rclcpp_minimal_service:/home/cj/ros2_ws/install/examples_rclcpp_minimal_publisher:/home/cj/ros2_ws/install/examples_rclcpp_minimal_composition:/home/cj/ros2_ws/install/examples_rclcpp_minimal_client:/home/cj/ros2_ws/install/examples_rclcpp_minimal_action_server:/home/cj/ros2_ws/install/examples_rclcpp_minimal_action_client:/home/cj/ros2_ws/install/examples_rclcpp_cbg_executor:/home/cj/ros2_ws/install/examples_rclcpp_async_client:/home/cj/ros2_ws/install/launch_testing_examples:/home/cj/ros2_ws/install/examples_rclpy_pointcloud_publisher:/home/cj/ros2_ws/install/examples_rclpy_minimal_subscriber:/home/cj/ros2_ws/install/examples_rclpy_minimal_service:/home/cj/ros2_ws/install/examples_rclpy_minimal_publisher:/home/cj/ros2_ws/install/examples_rclpy_minimal_client:/home/cj/ros2_ws/install/examples_rclpy_minimal_action_server:/home/cj/ros2_ws/install/examples_rclpy_minimal_action_client:/home/cj/ros2_ws/install/examples_rclpy_guard_conditions:/home/cj/ros2_ws/install/examples_rclpy_executors:/opt/ros/humble GZ_SIM_RESOURCE_PATH=/home/cj/vrx_ws/install/share/vrx_gazebo/models:/home/cj/vrx_ws/install/share PYTHONPATH=/home/cj/vrx_ws/install/local/lib/python3.10/dist-packages:${PYTHONPATH} /usr/bin/cmake /home/cj/vrx_ws/src/vrx/vrx_urdf/wamv_description -DCMAKE_INSTALL_PREFIX=/home/cj/vrx_ws/install
[0.052s] -- The C compiler identification is GNU 11.4.0
[0.119s] -- The CXX compiler identification is GNU 11.4.0
[0.124s] -- Detecting C compiler ABI info
[0.184s] -- Detecting C compiler ABI info - done
[0.188s] -- Check for working C compiler: /usr/bin/cc - skipped
[0.189s] -- Detecting C compile features
[0.189s] -- Detecting C compile features - done
[0.191s] -- Detecting CXX compiler ABI info
[0.253s] -- Detecting CXX compiler ABI info - done
[0.258s] -- Check for working CXX compiler: /usr/bin/c++ - skipped
[0.258s] -- Detecting CXX compile features
[0.259s] -- Detecting CXX compile features - done
[0.261s] -- Found ament_cmake: 1.3.11 (/opt/ros/humble/share/ament_cmake/cmake)
[0.395s] -- Found Python3: /usr/bin/python3 (found version "3.10.12") found components: Interpreter 
[0.482s] -- Found xacro: 2.0.8 (/opt/ros/humble/share/xacro/cmake)
[0.482s] -- xacro: determining deps for: urdf/wamv_base.urdf.xacro ...
[0.609s] -- Configuring done
[0.611s] -- Generating done
[0.612s] -- Build files have been written to: /home/cj/vrx_ws/build/wamv_description
[0.615s] Invoked command in '/home/cj/vrx_ws/build/wamv_description' returned '0': AMENT_PREFIX_PATH=/home/cj/vrx_ws/install:${AMENT_PREFIX_PATH} CMAKE_PREFIX_PATH=/home/cj/vrx_ws/install:/home/cj/ros2_ws/install/turtlesim:/home/cj/ros2_ws/install/examples_rclcpp_wait_set:/home/cj/ros2_ws/install/examples_rclcpp_multithreaded_executor:/home/cj/ros2_ws/install/examples_rclcpp_minimal_timer:/home/cj/ros2_ws/install/examples_rclcpp_minimal_subscriber:/home/cj/ros2_ws/install/examples_rclcpp_minimal_service:/home/cj/ros2_ws/install/examples_rclcpp_minimal_publisher:/home/cj/ros2_ws/install/examples_rclcpp_minimal_composition:/home/cj/ros2_ws/install/examples_rclcpp_minimal_client:/home/cj/ros2_ws/install/examples_rclcpp_minimal_action_server:/home/cj/ros2_ws/install/examples_rclcpp_minimal_action_client:/home/cj/ros2_ws/install/examples_rclcpp_cbg_executor:/home/cj/ros2_ws/install/examples_rclcpp_async_client:/home/cj/ros2_ws/install/launch_testing_examples:/home/cj/ros2_ws/install/examples_rclpy_pointcloud_publisher:/home/cj/ros2_ws/install/examples_rclpy_minimal_subscriber:/home/cj/ros2_ws/install/examples_rclpy_minimal_service:/home/cj/ros2_ws/install/examples_rclpy_minimal_publisher:/home/cj/ros2_ws/install/examples_rclpy_minimal_client:/home/cj/ros2_ws/install/examples_rclpy_minimal_action_server:/home/cj/ros2_ws/install/examples_rclpy_minimal_action_client:/home/cj/ros2_ws/install/examples_rclpy_guard_conditions:/home/cj/ros2_ws/install/examples_rclpy_executors:/opt/ros/humble GZ_SIM_RESOURCE_PATH=/home/cj/vrx_ws/install/share/vrx_gazebo/models:/home/cj/vrx_ws/install/share PYTHONPATH=/home/cj/vrx_ws/install/local/lib/python3.10/dist-packages:${PYTHONPATH} /usr/bin/cmake /home/cj/vrx_ws/src/vrx/vrx_urdf/wamv_description -DCMAKE_INSTALL_PREFIX=/home/cj/vrx_ws/install
[0.616s] Invoking command in '/home/cj/vrx_ws/build/wamv_description': AMENT_PREFIX_PATH=/home/cj/vrx_ws/install:${AMENT_PREFIX_PATH} CMAKE_PREFIX_PATH=/home/cj/vrx_ws/install:/home/cj/ros2_ws/install/turtlesim:/home/cj/ros2_ws/install/examples_rclcpp_wait_set:/home/cj/ros2_ws/install/examples_rclcpp_multithreaded_executor:/home/cj/ros2_ws/install/examples_rclcpp_minimal_timer:/home/cj/ros2_ws/install/examples_rclcpp_minimal_subscriber:/home/cj/ros2_ws/install/examples_rclcpp_minimal_service:/home/cj/ros2_ws/install/examples_rclcpp_minimal_publisher:/home/cj/ros2_ws/install/examples_rclcpp_minimal_composition:/home/cj/ros2_ws/install/examples_rclcpp_minimal_client:/home/cj/ros2_ws/install/examples_rclcpp_minimal_action_server:/home/cj/ros2_ws/install/examples_rclcpp_minimal_action_client:/home/cj/ros2_ws/install/examples_rclcpp_cbg_executor:/home/cj/ros2_ws/install/examples_rclcpp_async_client:/home/cj/ros2_ws/install/launch_testing_examples:/home/cj/ros2_ws/install/examples_rclpy_pointcloud_publisher:/home/cj/ros2_ws/install/examples_rclpy_minimal_subscriber:/home/cj/ros2_ws/install/examples_rclpy_minimal_service:/home/cj/ros2_ws/install/examples_rclpy_minimal_publisher:/home/cj/ros2_ws/install/examples_rclpy_minimal_client:/home/cj/ros2_ws/install/examples_rclpy_minimal_action_server:/home/cj/ros2_ws/install/examples_rclpy_minimal_action_client:/home/cj/ros2_ws/install/examples_rclpy_guard_conditions:/home/cj/ros2_ws/install/examples_rclpy_executors:/opt/ros/humble GZ_SIM_RESOURCE_PATH=/home/cj/vrx_ws/install/share/vrx_gazebo/models:/home/cj/vrx_ws/install/share PYTHONPATH=/home/cj/vrx_ws/install/local/lib/python3.10/dist-packages:${PYTHONPATH} /usr/bin/cmake --build /home/cj/vrx_ws/build/wamv_description -- -j16 -l16
[0.662s] [100%] [34m[1mxacro: generating urdf/wamv_base.urdf from urdf/wamv_base.urdf.xacro[0m
[0.745s] [100%] Built target wamv_description__xacro_auto_generate
[0.755s] Invoked command in '/home/cj/vrx_ws/build/wamv_description' returned '0': AMENT_PREFIX_PATH=/home/cj/vrx_ws/install:${AMENT_PREFIX_PATH} CMAKE_PREFIX_PATH=/home/cj/vrx_ws/install:/home/cj/ros2_ws/install/turtlesim:/home/cj/ros2_ws/install/examples_rclcpp_wait_set:/home/cj/ros2_ws/install/examples_rclcpp_multithreaded_executor:/home/cj/ros2_ws/install/examples_rclcpp_minimal_timer:/home/cj/ros2_ws/install/examples_rclcpp_minimal_subscriber:/home/cj/ros2_ws/install/examples_rclcpp_minimal_service:/home/cj/ros2_ws/install/examples_rclcpp_minimal_publisher:/home/cj/ros2_ws/install/examples_rclcpp_minimal_composition:/home/cj/ros2_ws/install/examples_rclcpp_minimal_client:/home/cj/ros2_ws/install/examples_rclcpp_minimal_action_server:/home/cj/ros2_ws/install/examples_rclcpp_minimal_action_client:/home/cj/ros2_ws/install/examples_rclcpp_cbg_executor:/home/cj/ros2_ws/install/examples_rclcpp_async_client:/home/cj/ros2_ws/install/launch_testing_examples:/home/cj/ros2_ws/install/examples_rclpy_pointcloud_publisher:/home/cj/ros2_ws/install/examples_rclpy_minimal_subscriber:/home/cj/ros2_ws/install/examples_rclpy_minimal_service:/home/cj/ros2_ws/install/examples_rclpy_minimal_publisher:/home/cj/ros2_ws/install/examples_rclpy_minimal_client:/home/cj/ros2_ws/install/examples_rclpy_minimal_action_server:/home/cj/ros2_ws/install/examples_rclpy_minimal_action_client:/home/cj/ros2_ws/install/examples_rclpy_guard_conditions:/home/cj/ros2_ws/install/examples_rclpy_executors:/opt/ros/humble GZ_SIM_RESOURCE_PATH=/home/cj/vrx_ws/install/share/vrx_gazebo/models:/home/cj/vrx_ws/install/share PYTHONPATH=/home/cj/vrx_ws/install/local/lib/python3.10/dist-packages:${PYTHONPATH} /usr/bin/cmake --build /home/cj/vrx_ws/build/wamv_description -- -j16 -l16
[0.755s] Invoking command in '/home/cj/vrx_ws/build/wamv_description': AMENT_PREFIX_PATH=/home/cj/vrx_ws/install:${AMENT_PREFIX_PATH} CMAKE_PREFIX_PATH=/home/cj/vrx_ws/install:/home/cj/ros2_ws/install/turtlesim:/home/cj/ros2_ws/install/examples_rclcpp_wait_set:/home/cj/ros2_ws/install/examples_rclcpp_multithreaded_executor:/home/cj/ros2_ws/install/examples_rclcpp_minimal_timer:/home/cj/ros2_ws/install/examples_rclcpp_minimal_subscriber:/home/cj/ros2_ws/install/examples_rclcpp_minimal_service:/home/cj/ros2_ws/install/examples_rclcpp_minimal_publisher:/home/cj/ros2_ws/install/examples_rclcpp_minimal_composition:/home/cj/ros2_ws/install/examples_rclcpp_minimal_client:/home/cj/ros2_ws/install/examples_rclcpp_minimal_action_server:/home/cj/ros2_ws/install/examples_rclcpp_minimal_action_client:/home/cj/ros2_ws/install/examples_rclcpp_cbg_executor:/home/cj/ros2_ws/install/examples_rclcpp_async_client:/home/cj/ros2_ws/install/launch_testing_examples:/home/cj/ros2_ws/install/examples_rclpy_pointcloud_publisher:/home/cj/ros2_ws/install/examples_rclpy_minimal_subscriber:/home/cj/ros2_ws/install/examples_rclpy_minimal_service:/home/cj/ros2_ws/install/examples_rclpy_minimal_publisher:/home/cj/ros2_ws/install/examples_rclpy_minimal_client:/home/cj/ros2_ws/install/examples_rclpy_minimal_action_server:/home/cj/ros2_ws/install/examples_rclpy_minimal_action_client:/home/cj/ros2_ws/install/examples_rclpy_guard_conditions:/home/cj/ros2_ws/install/examples_rclpy_executors:/opt/ros/humble GZ_SIM_RESOURCE_PATH=/home/cj/vrx_ws/install/share/vrx_gazebo/models:/home/cj/vrx_ws/install/share PYTHONPATH=/home/cj/vrx_ws/install/local/lib/python3.10/dist-packages:${PYTHONPATH} /usr/bin/cmake --install /home/cj/vrx_ws/build/wamv_description
[0.763s] -- Install configuration: ""
[0.764s] -- Installing: /home/cj/vrx_ws/install/share/wamv_description/environment/resource_paths.dsv
[0.764s] -- Installing: /home/cj/vrx_ws/install/share/wamv_description/environment/resource_paths.sh
[0.764s] -- Installing: /home/cj/vrx_ws/install/share/wamv_description/urdf/wamv_base.urdf
[0.764s] -- Installing: /home/cj/vrx_ws/install/share/wamv_description/models
[0.764s] -- Installing: /home/cj/vrx_ws/install/share/wamv_description/models/engine
[0.764s] -- Installing: /home/cj/vrx_ws/install/share/wamv_description/models/engine/mesh
[0.764s] -- Installing: /home/cj/vrx_ws/install/share/wamv_description/models/engine/mesh/engine.dae
[0.764s] -- Installing: /home/cj/vrx_ws/install/share/wamv_description/models/engine/model.config
[0.764s] -- Installing: /home/cj/vrx_ws/install/share/wamv_description/models/WAM-V-Base
[0.764s] -- Installing: /home/cj/vrx_ws/install/share/wamv_description/models/WAM-V-Base/mesh
[0.764s] -- Installing: /home/cj/vrx_ws/install/share/wamv_description/models/WAM-V-Base/mesh/WAM-V-Base.dae
[0.764s] -- Installing: /home/cj/vrx_ws/install/share/wamv_description/models/WAM-V-Base/mesh/WamV.png
[0.765s] -- Installing: /home/cj/vrx_ws/install/share/wamv_description/models/WAM-V-Base/mesh/WAM-V_Metalness.png
[0.765s] -- Installing: /home/cj/vrx_ws/install/share/wamv_description/models/WAM-V-Base/mesh/WAM-V_Normal.png
[0.768s] -- Installing: /home/cj/vrx_ws/install/share/wamv_description/models/WAM-V-Base/mesh/WAM-V_Roughness.png
[0.770s] -- Installing: /home/cj/vrx_ws/install/share/wamv_description/models/WAM-V-Base/mesh/WAM-V_Albedo.png
[0.773s] -- Installing: /home/cj/vrx_ws/install/share/wamv_description/models/WAM-V-Base/model.config
[0.773s] -- Installing: /home/cj/vrx_ws/install/share/wamv_description/models/propeller
[0.773s] -- Installing: /home/cj/vrx_ws/install/share/wamv_description/models/propeller/mesh
[0.773s] -- Installing: /home/cj/vrx_ws/install/share/wamv_description/models/propeller/mesh/propeller.dae
[0.773s] -- Installing: /home/cj/vrx_ws/install/share/wamv_description/models/propeller/model.config
[0.773s] -- Up-to-date: /home/cj/vrx_ws/install/share/wamv_description/urdf
[0.773s] -- Installing: /home/cj/vrx_ws/install/share/wamv_description/urdf/cpu_cases.xacro
[0.773s] -- Installing: /home/cj/vrx_ws/install/share/wamv_description/urdf/battery.xacro
[0.773s] -- Installing: /home/cj/vrx_ws/install/share/wamv_description/urdf/thrusters
[0.773s] -- Installing: /home/cj/vrx_ws/install/share/wamv_description/urdf/thrusters/engine.xacro
[0.773s] -- Installing: /home/cj/vrx_ws/install/share/wamv_description/urdf/wamv_base.urdf.xacro
[0.773s] -- Installing: /home/cj/vrx_ws/install/share/ament_index/resource_index/package_run_dependencies/wamv_description
[0.773s] -- Installing: /home/cj/vrx_ws/install/share/ament_index/resource_index/parent_prefix_path/wamv_description
[0.773s] -- Installing: /home/cj/vrx_ws/install/share/wamv_description/environment/ament_prefix_path.sh
[0.773s] -- Installing: /home/cj/vrx_ws/install/share/wamv_description/environment/ament_prefix_path.dsv
[0.774s] -- Installing: /home/cj/vrx_ws/install/share/wamv_description/environment/path.sh
[0.774s] -- Installing: /home/cj/vrx_ws/install/share/wamv_description/environment/path.dsv
[0.774s] -- Installing: /home/cj/vrx_ws/install/share/wamv_description/local_setup.bash
[0.774s] -- Installing: /home/cj/vrx_ws/install/share/wamv_description/local_setup.sh
[0.774s] -- Installing: /home/cj/vrx_ws/install/share/wamv_description/local_setup.zsh
[0.774s] -- Installing: /home/cj/vrx_ws/install/share/wamv_description/local_setup.dsv
[0.774s] -- Installing: /home/cj/vrx_ws/install/share/wamv_description/package.dsv
[0.774s] -- Installing: /home/cj/vrx_ws/install/share/ament_index/resource_index/packages/wamv_description
[0.774s] -- Installing: /home/cj/vrx_ws/install/share/wamv_description/cmake/wamv_descriptionConfig.cmake
[0.774s] -- Installing: /home/cj/vrx_ws/install/share/wamv_description/cmake/wamv_descriptionConfig-version.cmake
[0.774s] -- Installing: /home/cj/vrx_ws/install/share/wamv_description/package.xml
[0.775s] Invoked command in '/home/cj/vrx_ws/build/wamv_description' returned '0': AMENT_PREFIX_PATH=/home/cj/vrx_ws/install:${AMENT_PREFIX_PATH} CMAKE_PREFIX_PATH=/home/cj/vrx_ws/install:/home/cj/ros2_ws/install/turtlesim:/home/cj/ros2_ws/install/examples_rclcpp_wait_set:/home/cj/ros2_ws/install/examples_rclcpp_multithreaded_executor:/home/cj/ros2_ws/install/examples_rclcpp_minimal_timer:/home/cj/ros2_ws/install/examples_rclcpp_minimal_subscriber:/home/cj/ros2_ws/install/examples_rclcpp_minimal_service:/home/cj/ros2_ws/install/examples_rclcpp_minimal_publisher:/home/cj/ros2_ws/install/examples_rclcpp_minimal_composition:/home/cj/ros2_ws/install/examples_rclcpp_minimal_client:/home/cj/ros2_ws/install/examples_rclcpp_minimal_action_server:/home/cj/ros2_ws/install/examples_rclcpp_minimal_action_client:/home/cj/ros2_ws/install/examples_rclcpp_cbg_executor:/home/cj/ros2_ws/install/examples_rclcpp_async_client:/home/cj/ros2_ws/install/launch_testing_examples:/home/cj/ros2_ws/install/examples_rclpy_pointcloud_publisher:/home/cj/ros2_ws/install/examples_rclpy_minimal_subscriber:/home/cj/ros2_ws/install/examples_rclpy_minimal_service:/home/cj/ros2_ws/install/examples_rclpy_minimal_publisher:/home/cj/ros2_ws/install/examples_rclpy_minimal_client:/home/cj/ros2_ws/install/examples_rclpy_minimal_action_server:/home/cj/ros2_ws/install/examples_rclpy_minimal_action_client:/home/cj/ros2_ws/install/examples_rclpy_guard_conditions:/home/cj/ros2_ws/install/examples_rclpy_executors:/opt/ros/humble GZ_SIM_RESOURCE_PATH=/home/cj/vrx_ws/install/share/vrx_gazebo/models:/home/cj/vrx_ws/install/share PYTHONPATH=/home/cj/vrx_ws/install/local/lib/python3.10/dist-packages:${PYTHONPATH} /usr/bin/cmake --install /home/cj/vrx_ws/build/wamv_description
